2017-01-17 09:05:29,319 [7] BntWeb.Environment.DefaultBntWebHost - (null) - Initializing [(null)]
2017-01-17 09:05:29,330 [7] BntWeb.Environment.DefaultBntWebHost - (null) - Start creation of shells [(null)]
2017-01-17 09:05:29,337 [7] BntWeb.Environment.DefaultBntWebShell - (null) - 成功加载模块系统:System [(null)]
2017-01-17 09:05:29,339 [7] BntWeb.Environment.DefaultBntWebShell - (null) - 成功加载模块后台用户:Core-SystemUsers [(null)]
2017-01-17 09:05:29,341 [7] BntWeb.Environment.DefaultBntWebShell - (null) - 成功加载模块系统管理:Core-SystemSettings [(null)]
2017-01-17 09:05:29,343 [7] BntWeb.Environment.DefaultBntWebShell - (null) - 成功加载模块系统错误:Core-Error [(null)]
2017-01-17 09:05:29,344 [7] BntWeb.Environment.DefaultBntWebShell - (null) - 成功加载模块广告管理:BntWeb-Advertisement [(null)]
2017-01-17 09:05:29,346 [7] BntWeb.Environment.DefaultBntWebShell - (null) - 成功加载模块文章管理:BntWeb-Article [(null)]
2017-01-17 09:05:29,348 [7] BntWeb.Environment.DefaultBntWebShell - (null) - 成功加载模块轮播管理:BntWeb-Carousel [(null)]
2017-01-17 09:05:29,350 [7] BntWeb.Environment.DefaultBntWebShell - (null) - 成功加载模块配置管理:BntWeb-Config [(null)]
2017-01-17 09:05:29,351 [7] BntWeb.Environment.DefaultBntWebShell - (null) - 成功加载模块内容标记:BntWeb-ContentMarkup [(null)]
2017-01-17 09:05:29,353 [7] BntWeb.Environment.DefaultBntWebShell - (null) - 成功加载模块发现管理:BntWeb-Discovery [(null)]
2017-01-17 09:05:29,356 [7] BntWeb.Environment.DefaultBntWebShell - (null) - 成功加载模块评价管理:BntWeb-Evaluate [(null)]
2017-01-17 09:05:29,358 [7] BntWeb.Environment.DefaultBntWebShell - (null) - 成功加载模块反馈管理:BntWeb-Feedback [(null)]
2017-01-17 09:05:29,361 [7] BntWeb.Environment.DefaultBntWebShell - (null) - 成功加载模块帮助中心:BntWeb-HelpCenter [(null)]
2017-01-17 09:05:29,363 [7] BntWeb.Environment.DefaultBntWebShell - (null) - 成功加载模块物流管理:BntWeb-Logistics [(null)]
2017-01-17 09:05:29,364 [7] BntWeb.Environment.DefaultBntWebShell - (null) - 成功加载模块商城管理:BntWeb-Mall [(null)]
2017-01-17 09:05:29,366 [7] BntWeb.Environment.DefaultBntWebShell - (null) - 成功加载模块会员基础:BntWeb-MemberBase [(null)]
2017-01-17 09:05:29,368 [7] BntWeb.Environment.DefaultBntWebShell - (null) - 成功加载模块会员管理:BntWeb-MemberCenter [(null)]
2017-01-17 09:05:29,370 [7] BntWeb.Environment.DefaultBntWebShell - (null) - 成功加载模块门店管理:BntWeb-Merchant [(null)]
2017-01-17 09:05:29,372 [7] BntWeb.Environment.DefaultBntWebShell - (null) - 成功加载模块订单管理:BntWeb-OrderProcess [(null)]
2017-01-17 09:05:29,374 [7] BntWeb.Environment.DefaultBntWebShell - (null) - 成功加载模块支付管理:BntWeb-PaymentProcess [(null)]
2017-01-17 09:05:29,376 [7] BntWeb.Environment.DefaultBntWebShell - (null) - 成功加载模块推广渠道:BntWeb-PromotionChannel [(null)]
2017-01-17 09:05:29,378 [7] BntWeb.Environment.DefaultBntWebShell - (null) - 成功加载模块单页管理:BntWeb-SinglePage [(null)]
2017-01-17 09:05:29,380 [7] BntWeb.Environment.DefaultBntWebShell - (null) - 成功加载模块消息中心:BntWeb-SystemMessage [(null)]
2017-01-17 09:05:29,382 [7] BntWeb.Environment.DefaultBntWebShell - (null) - 成功加载模块标签管理:BntWeb-Tag [(null)]
2017-01-17 09:05:29,383 [7] BntWeb.Environment.DefaultBntWebShell - (null) - 成功加载模块钱包管理:BntWeb-Wallet [(null)]
2017-01-17 09:05:29,385 [7] BntWeb.Environment.DefaultBntWebShell - (null) - 加载25项IRouteProvider [(null)]
2017-01-17 09:05:29,386 [7] BntWeb.Environment.DefaultBntWebShell - (null) - 加载19项IHttpRouteProvider [(null)]
2017-01-17 09:05:29,454 [7] BntWeb.Mvc.Routes.RoutePublisher - (null) - 共加载245条路由 [(null)]
2017-01-17 09:05:29,565 [7] BntWeb.Environment.DefaultBntWebHost - (null) - Initialized [(null)]
2017-01-17 09:06:34,397 [11] BntWeb.Task.BackgroundService - (null) - 开始执行后台任务 "BntWeb.Core.SystemSettings.Services.ClearFilesTask" . [(null)]
2017-01-17 09:06:34,397 [9] BntWeb.Task.BackgroundService - (null) - 开始执行后台任务 "BntWeb.Wallet.Services.WalletTask" . [(null)]
2017-01-17 09:06:34,399 [10] BntWeb.Task.BackgroundService - (null) - 开始执行后台任务 "BntWeb.OrderProcess.Services.OrderProcessTask" . [(null)]
2017-01-17 09:06:34,397 [7] BntWeb.Task.BackgroundService - (null) - 开始执行后台任务 "BntWeb.Core.SystemSettings.Services.ClearLogsTask" . [(null)]
2017-01-17 09:06:34,878 [7] BntWeb.Task.BackgroundService - (null) - 后台任务执行完成 "BntWeb.Core.SystemSettings.Services.ClearLogsTask" . [(null)]
2017-01-17 09:06:35,116 [11] BntWeb.Task.BackgroundService - (null) - 后台任务执行完成 "BntWeb.Core.SystemSettings.Services.ClearFilesTask" . [(null)]
2017-01-17 09:06:35,377 [10] BntWeb.Task.BackgroundService - (null) - 后台任务执行完成 "BntWeb.OrderProcess.Services.OrderProcessTask" . [(null)]
2017-01-17 09:06:35,621 [9] BntWeb.Task.BackgroundService - (null) - 后台任务执行完成 "BntWeb.Wallet.Services.WalletTask" . [(null)]
2017-01-17 09:07:29,535 [10] BntWeb.Task.BackgroundService - (null) - 开始执行后台任务 "BntWeb.Wallet.Services.WalletTask" . [(null)]
2017-01-17 09:07:29,535 [7] BntWeb.Task.BackgroundService - (null) - 开始执行后台任务 "BntWeb.Core.SystemSettings.Services.ClearLogsTask" . [(null)]
2017-01-17 09:07:29,535 [5] BntWeb.Task.BackgroundService - (null) - 开始执行后台任务 "BntWeb.Core.SystemSettings.Services.ClearFilesTask" . [(null)]
2017-01-17 09:07:29,535 [9] BntWeb.Task.BackgroundService - (null) - 开始执行后台任务 "BntWeb.OrderProcess.Services.OrderProcessTask" . [(null)]
2017-01-17 09:07:29,574 [10] BntWeb.Task.BackgroundService - (null) - 后台任务执行完成 "BntWeb.Wallet.Services.WalletTask" . [(null)]
2017-01-17 09:07:29,583 [5] BntWeb.Task.BackgroundService - (null) - 后台任务执行完成 "BntWeb.Core.SystemSettings.Services.ClearFilesTask" . [(null)]
2017-01-17 09:07:29,583 [7] BntWeb.Task.BackgroundService - (null) - 后台任务执行完成 "BntWeb.Core.SystemSettings.Services.ClearLogsTask" . [(null)]
2017-01-17 09:07:29,608 [9] BntWeb.Task.BackgroundService - (null) - 后台任务执行完成 "BntWeb.OrderProcess.Services.OrderProcessTask" . [(null)]
2017-01-17 09:08:29,549 [10] BntWeb.Task.BackgroundService - (null) - 开始执行后台任务 "BntWeb.Core.SystemSettings.Services.ClearFilesTask" . [(null)]
2017-01-17 09:08:29,549 [5] BntWeb.Task.BackgroundService - (null) - 开始执行后台任务 "BntWeb.Wallet.Services.WalletTask" . [(null)]
2017-01-17 09:08:29,551 [7] BntWeb.Task.BackgroundService - (null) - 开始执行后台任务 "BntWeb.Core.SystemSettings.Services.ClearLogsTask" . [(null)]
2017-01-17 09:08:29,551 [11] BntWeb.Task.BackgroundService - (null) - 开始执行后台任务 "BntWeb.OrderProcess.Services.OrderProcessTask" . [(null)]
2017-01-17 09:08:29,583 [7] BntWeb.Task.BackgroundService - (null) - 后台任务执行完成 "BntWeb.Core.SystemSettings.Services.ClearLogsTask" . [(null)]
2017-01-17 09:08:29,579 [10] BntWeb.Task.BackgroundService - (null) - 后台任务执行完成 "BntWeb.Core.SystemSettings.Services.ClearFilesTask" . [(null)]
2017-01-17 09:08:29,582 [5] BntWeb.Task.BackgroundService - (null) - 后台任务执行完成 "BntWeb.Wallet.Services.WalletTask" . [(null)]
2017-01-17 09:08:29,675 [11] BntWeb.Task.BackgroundService - (null) - 后台任务执行完成 "BntWeb.OrderProcess.Services.OrderProcessTask" . [(null)]
2017-01-17 09:09:29,562 [15] BntWeb.Task.BackgroundService - (null) - 开始执行后台任务 "BntWeb.Core.SystemSettings.Services.ClearFilesTask" . [(null)]
2017-01-17 09:09:29,562 [20] BntWeb.Task.BackgroundService - (null) - 开始执行后台任务 "BntWeb.Core.SystemSettings.Services.ClearLogsTask" . [(null)]
2017-01-17 09:09:29,564 [11] BntWeb.Task.BackgroundService - (null) - 开始执行后台任务 "BntWeb.Wallet.Services.WalletTask" . [(null)]
2017-01-17 09:09:29,564 [16] BntWeb.Task.BackgroundService - (null) - 开始执行后台任务 "BntWeb.OrderProcess.Services.OrderProcessTask" . [(null)]
2017-01-17 09:09:29,607 [11] BntWeb.Task.BackgroundService - (null) - 后台任务执行完成 "BntWeb.Wallet.Services.WalletTask" . [(null)]
2017-01-17 09:09:29,608 [15] BntWeb.Task.BackgroundService - (null) - 后台任务执行完成 "BntWeb.Core.SystemSettings.Services.ClearFilesTask" . [(null)]
2017-01-17 09:09:29,609 [20] BntWeb.Task.BackgroundService - (null) - 后台任务执行完成 "BntWeb.Core.SystemSettings.Services.ClearLogsTask" . [(null)]
2017-01-17 09:09:29,648 [16] BntWeb.Task.BackgroundService - (null) - 后台任务执行完成 "BntWeb.OrderProcess.Services.OrderProcessTask" . [(null)]
2017-01-17 09:10:29,575 [15] BntWeb.Task.BackgroundService - (null) - 开始执行后台任务 "BntWeb.Core.SystemSettings.Services.ClearFilesTask" . [(null)]
2017-01-17 09:10:29,577 [20] BntWeb.Task.BackgroundService - (null) - 开始执行后台任务 "BntWeb.OrderProcess.Services.OrderProcessTask" . [(null)]
2017-01-17 09:10:29,577 [10] BntWeb.Task.BackgroundService - (null) - 开始执行后台任务 "BntWeb.Core.SystemSettings.Services.ClearLogsTask" . [(null)]
2017-01-17 09:10:29,575 [17] BntWeb.Task.BackgroundService - (null) - 开始执行后台任务 "BntWeb.Wallet.Services.WalletTask" . [(null)]
2017-01-17 09:10:29,624 [15] BntWeb.Task.BackgroundService - (null) - 后台任务执行完成 "BntWeb.Core.SystemSettings.Services.ClearFilesTask" . [(null)]
2017-01-17 09:10:29,628 [17] BntWeb.Task.BackgroundService - (null) - 后台任务执行完成 "BntWeb.Wallet.Services.WalletTask" . [(null)]
2017-01-17 09:10:29,630 [10] BntWeb.Task.BackgroundService - (null) - 后台任务执行完成 "BntWeb.Core.SystemSettings.Services.ClearLogsTask" . [(null)]
2017-01-17 09:10:29,661 [20] BntWeb.Task.BackgroundService - (null) - 后台任务执行完成 "BntWeb.OrderProcess.Services.OrderProcessTask" . [(null)]
2017-01-17 09:11:29,589 [15] BntWeb.Task.BackgroundService - (null) - 开始执行后台任务 "BntWeb.Core.SystemSettings.Services.ClearFilesTask" . [(null)]
2017-01-17 09:11:29,591 [17] BntWeb.Task.BackgroundService - (null) - 开始执行后台任务 "BntWeb.Core.SystemSettings.Services.ClearLogsTask" . [(null)]
2017-01-17 09:11:29,594 [10] BntWeb.Task.BackgroundService - (null) - 开始执行后台任务 "BntWeb.OrderProcess.Services.OrderProcessTask" . [(null)]
2017-01-17 09:11:29,589 [19] BntWeb.Task.BackgroundService - (null) - 开始执行后台任务 "BntWeb.Wallet.Services.WalletTask" . [(null)]
2017-01-17 09:11:29,626 [15] BntWeb.Task.BackgroundService - (null) - 后台任务执行完成 "BntWeb.Core.SystemSettings.Services.ClearFilesTask" . [(null)]
2017-01-17 09:11:29,628 [17] BntWeb.Task.BackgroundService - (null) - 后台任务执行完成 "BntWeb.Core.SystemSettings.Services.ClearLogsTask" . [(null)]
2017-01-17 09:11:29,640 [19] BntWeb.Task.BackgroundService - (null) - 后台任务执行完成 "BntWeb.Wallet.Services.WalletTask" . [(null)]
2017-01-17 09:11:29,664 [10] BntWeb.Task.BackgroundService - (null) - 后台任务执行完成 "BntWeb.OrderProcess.Services.OrderProcessTask" . [(null)]
2017-01-17 09:12:29,603 [30] BntWeb.Task.BackgroundService - (null) - 开始执行后台任务 "BntWeb.Wallet.Services.WalletTask" . [(null)]
2017-01-17 09:12:29,603 [26] BntWeb.Task.BackgroundService - (null) - 开始执行后台任务 "BntWeb.Core.SystemSettings.Services.ClearFilesTask" . [(null)]
2017-01-17 09:12:29,604 [27] BntWeb.Task.BackgroundService - (null) - 开始执行后台任务 "BntWeb.Core.SystemSettings.Services.ClearLogsTask" . [(null)]
2017-01-17 09:12:29,607 [17] BntWeb.Task.BackgroundService - (null) - 开始执行后台任务 "BntWeb.OrderProcess.Services.OrderProcessTask" . [(null)]
2017-01-17 09:12:29,631 [30] BntWeb.Task.BackgroundService - (null) - 后台任务执行完成 "BntWeb.Wallet.Services.WalletTask" . [(null)]
2017-01-17 09:12:29,646 [27] BntWeb.Task.BackgroundService - (null) - 后台任务执行完成 "BntWeb.Core.SystemSettings.Services.ClearLogsTask" . [(null)]
2017-01-17 09:12:29,647 [26] BntWeb.Task.BackgroundService - (null) - 后台任务执行完成 "BntWeb.Core.SystemSettings.Services.ClearFilesTask" . [(null)]
2017-01-17 09:12:29,685 [17] BntWeb.Task.BackgroundService - (null) - 后台任务执行完成 "BntWeb.OrderProcess.Services.OrderProcessTask" . [(null)]
2017-01-17 09:13:29,617 [17] BntWeb.Task.BackgroundService - (null) - 开始执行后台任务 "BntWeb.Core.SystemSettings.Services.ClearFilesTask" . [(null)]
2017-01-17 09:13:29,617 [30] BntWeb.Task.BackgroundService - (null) - 开始执行后台任务 "BntWeb.Wallet.Services.WalletTask" . [(null)]
2017-01-17 09:13:29,619 [31] BntWeb.Task.BackgroundService - (null) - 开始执行后台任务 "BntWeb.Core.SystemSettings.Services.ClearLogsTask" . [(null)]
2017-01-17 09:13:29,621 [27] BntWeb.Task.BackgroundService - (null) - 开始执行后台任务 "BntWeb.OrderProcess.Services.OrderProcessTask" . [(null)]
2017-01-17 09:13:29,666 [30] BntWeb.Task.BackgroundService - (null) - 后台任务执行完成 "BntWeb.Wallet.Services.WalletTask" . [(null)]
2017-01-17 09:13:29,667 [17] BntWeb.Task.BackgroundService - (null) - 后台任务执行完成 "BntWeb.Core.SystemSettings.Services.ClearFilesTask" . [(null)]
2017-01-17 09:13:29,673 [31] BntWeb.Task.BackgroundService - (null) - 后台任务执行完成 "BntWeb.Core.SystemSettings.Services.ClearLogsTask" . [(null)]
2017-01-17 09:13:29,707 [27] BntWeb.Task.BackgroundService - (null) - 后台任务执行完成 "BntWeb.OrderProcess.Services.OrderProcessTask" . [(null)]
2017-01-17 09:14:29,630 [41] BntWeb.Task.BackgroundService - (null) - 开始执行后台任务 "BntWeb.Core.SystemSettings.Services.ClearFilesTask" . [(null)]
2017-01-17 09:14:29,631 [14] BntWeb.Task.BackgroundService - (null) - 开始执行后台任务 "BntWeb.OrderProcess.Services.OrderProcessTask" . [(null)]
2017-01-17 09:14:29,630 [39] BntWeb.Task.BackgroundService - (null) - 开始执行后台任务 "BntWeb.Core.SystemSettings.Services.ClearLogsTask" . [(null)]
2017-01-17 09:14:29,632 [31] BntWeb.Task.BackgroundService - (null) - 开始执行后台任务 "BntWeb.Wallet.Services.WalletTask" . [(null)]
2017-01-17 09:14:29,663 [41] BntWeb.Task.BackgroundService - (null) - 后台任务执行完成 "BntWeb.Core.SystemSettings.Services.ClearFilesTask" . [(null)]
2017-01-17 09:14:29,675 [39] BntWeb.Task.BackgroundService - (null) - 后台任务执行完成 "BntWeb.Core.SystemSettings.Services.ClearLogsTask" . [(null)]
2017-01-17 09:14:29,678 [31] BntWeb.Task.BackgroundService - (null) - 后台任务执行完成 "BntWeb.Wallet.Services.WalletTask" . [(null)]
2017-01-17 09:14:29,706 [14] BntWeb.Task.BackgroundService - (null) - 后台任务执行完成 "BntWeb.OrderProcess.Services.OrderProcessTask" . [(null)]
2017-01-17 09:15:29,644 [14] BntWeb.Task.BackgroundService - (null) - 开始执行后台任务 "BntWeb.Core.SystemSettings.Services.ClearFilesTask" . [(null)]
2017-01-17 09:15:29,645 [31] BntWeb.Task.BackgroundService - (null) - 开始执行后台任务 "BntWeb.Core.SystemSettings.Services.ClearLogsTask" . [(null)]
2017-01-17 09:15:29,647 [24] BntWeb.Task.BackgroundService - (null) - 开始执行后台任务 "BntWeb.OrderProcess.Services.OrderProcessTask" . [(null)]
2017-01-17 09:15:29,644 [41] BntWeb.Task.BackgroundService - (null) - 开始执行后台任务 "BntWeb.Wallet.Services.WalletTask" . [(null)]
2017-01-17 09:15:29,670 [14] BntWeb.Task.BackgroundService - (null) - 后台任务执行完成 "BntWeb.Core.SystemSettings.Services.ClearFilesTask" . [(null)]
2017-01-17 09:15:29,671 [31] BntWeb.Task.BackgroundService - (null) - 后台任务执行完成 "BntWeb.Core.SystemSettings.Services.ClearLogsTask" . [(null)]
2017-01-17 09:15:29,678 [41] BntWeb.Task.BackgroundService - (null) - 后台任务执行完成 "BntWeb.Wallet.Services.WalletTask" . [(null)]
2017-01-17 09:15:29,698 [24] BntWeb.Task.BackgroundService - (null) - 后台任务执行完成 "BntWeb.OrderProcess.Services.OrderProcessTask" . [(null)]
2017-01-17 09:16:29,657 [24] BntWeb.Task.BackgroundService - (null) - 开始执行后台任务 "BntWeb.Wallet.Services.WalletTask" . [(null)]
2017-01-17 09:16:29,657 [46] BntWeb.Task.BackgroundService - (null) - 开始执行后台任务 "BntWeb.Core.SystemSettings.Services.ClearFilesTask" . [(null)]
2017-01-17 09:16:29,661 [50] BntWeb.Task.BackgroundService - (null) - 开始执行后台任务 "BntWeb.OrderProcess.Services.OrderProcessTask" . [(null)]
2017-01-17 09:16:29,659 [31] BntWeb.Task.BackgroundService - (null) - 开始执行后台任务 "BntWeb.Core.SystemSettings.Services.ClearLogsTask" . [(null)]
2017-01-17 09:16:29,690 [24] BntWeb.Task.BackgroundService - (null) - 后台任务执行完成 "BntWeb.Wallet.Services.WalletTask" . [(null)]
2017-01-17 09:16:29,696 [46] BntWeb.Task.BackgroundService - (null) - 后台任务执行完成 "BntWeb.Core.SystemSettings.Services.ClearFilesTask" . [(null)]
2017-01-17 09:16:29,700 [31] BntWeb.Task.BackgroundService - (null) - 后台任务执行完成 "BntWeb.Core.SystemSettings.Services.ClearLogsTask" . [(null)]
2017-01-17 09:16:29,723 [50] BntWeb.Task.BackgroundService - (null) - 后台任务执行完成 "BntWeb.OrderProcess.Services.OrderProcessTask" . [(null)]
2017-01-17 09:17:29,684 [50] BntWeb.Task.BackgroundService - (null) - 开始执行后台任务 "BntWeb.Wallet.Services.WalletTask" . [(null)]
2017-01-17 09:17:29,789 [50] BntWeb.Task.BackgroundService - (null) - 后台任务执行完成 "BntWeb.Wallet.Services.WalletTask" . [(null)]
2017-01-17 09:17:29,889 [24] BntWeb.Task.BackgroundService - (null) - 开始执行后台任务 "BntWeb.OrderProcess.Services.OrderProcessTask" . [(null)]
2017-01-17 09:17:29,889 [45] BntWeb.Task.BackgroundService - (null) - 开始执行后台任务 "BntWeb.Core.SystemSettings.Services.ClearLogsTask" . [(null)]
2017-01-17 09:17:29,889 [31] BntWeb.Task.BackgroundService - (null) - 开始执行后台任务 "BntWeb.Core.SystemSettings.Services.ClearFilesTask" . [(null)]
2017-01-17 09:17:30,050 [24] BntWeb.Task.BackgroundService - (null) - 后台任务执行完成 "BntWeb.OrderProcess.Services.OrderProcessTask" . [(null)]
2017-01-17 09:17:30,081 [45] BntWeb.Task.BackgroundService - (null) - 后台任务执行完成 "BntWeb.Core.SystemSettings.Services.ClearLogsTask" . [(null)]
2017-01-17 09:17:30,083 [31] BntWeb.Task.BackgroundService - (null) - 后台任务执行完成 "BntWeb.Core.SystemSettings.Services.ClearFilesTask" . [(null)]
2017-01-17 09:18:29,685 [57] BntWeb.Task.BackgroundService - (null) - 开始执行后台任务 "BntWeb.Wallet.Services.WalletTask" . [(null)]
2017-01-17 09:18:29,685 [62] BntWeb.Task.BackgroundService - (null) - 开始执行后台任务 "BntWeb.Core.SystemSettings.Services.ClearFilesTask" . [(null)]
2017-01-17 09:18:29,687 [58] BntWeb.Task.BackgroundService - (null) - 开始执行后台任务 "BntWeb.Core.SystemSettings.Services.ClearLogsTask" . [(null)]
2017-01-17 09:18:29,689 [53] BntWeb.Task.BackgroundService - (null) - 开始执行后台任务 "BntWeb.OrderProcess.Services.OrderProcessTask" . [(null)]
2017-01-17 09:18:29,738 [62] BntWeb.Task.BackgroundService - (null) - 后台任务执行完成 "BntWeb.Core.SystemSettings.Services.ClearFilesTask" . [(null)]
2017-01-17 09:18:29,739 [57] BntWeb.Task.BackgroundService - (null) - 后台任务执行完成 "BntWeb.Wallet.Services.WalletTask" . [(null)]
2017-01-17 09:18:29,745 [58] BntWeb.Task.BackgroundService - (null) - 后台任务执行完成 "BntWeb.Core.SystemSettings.Services.ClearLogsTask" . [(null)]
2017-01-17 09:18:29,765 [53] BntWeb.Task.BackgroundService - (null) - 后台任务执行完成 "BntWeb.OrderProcess.Services.OrderProcessTask" . [(null)]
2017-01-17 09:19:29,698 [24] BntWeb.Task.BackgroundService - (null) - 开始执行后台任务 "BntWeb.Wallet.Services.WalletTask" . [(null)]
2017-01-17 09:19:29,698 [53] BntWeb.Task.BackgroundService - (null) - 开始执行后台任务 "BntWeb.OrderProcess.Services.OrderProcessTask" . [(null)]
2017-01-17 09:19:29,698 [58] BntWeb.Task.BackgroundService - (null) - 开始执行后台任务 "BntWeb.Core.SystemSettings.Services.ClearLogsTask" . [(null)]
2017-01-17 09:19:29,698 [62] BntWeb.Task.BackgroundService - (null) - 开始执行后台任务 "BntWeb.Core.SystemSettings.Services.ClearFilesTask" . [(null)]
2017-01-17 09:19:29,729 [24] BntWeb.Task.BackgroundService - (null) - 后台任务执行完成 "BntWeb.Wallet.Services.WalletTask" . [(null)]
2017-01-17 09:19:29,735 [58] BntWeb.Task.BackgroundService - (null) - 后台任务执行完成 "BntWeb.Core.SystemSettings.Services.ClearLogsTask" . [(null)]
2017-01-17 09:19:29,735 [62] BntWeb.Task.BackgroundService - (null) - 后台任务执行完成 "BntWeb.Core.SystemSettings.Services.ClearFilesTask" . [(null)]
2017-01-17 09:19:30,357 [53] BntWeb.Task.BackgroundService - (null) - 后台任务执行完成 "BntWeb.OrderProcess.Services.OrderProcessTask" . [(null)]
2017-01-17 09:20:29,712 [58] BntWeb.Task.BackgroundService - (null) - 开始执行后台任务 "BntWeb.Wallet.Services.WalletTask" . [(null)]
2017-01-17 09:20:29,714 [13] BntWeb.Task.BackgroundService - (null) - 开始执行后台任务 "BntWeb.Core.SystemSettings.Services.ClearLogsTask" . [(null)]
2017-01-17 09:20:29,712 [46] BntWeb.Task.BackgroundService - (null) - 开始执行后台任务 "BntWeb.Core.SystemSettings.Services.ClearFilesTask" . [(null)]
2017-01-17 09:20:29,714 [41] BntWeb.Task.BackgroundService - (null) - 开始执行后台任务 "BntWeb.OrderProcess.Services.OrderProcessTask" . [(null)]
2017-01-17 09:20:29,745 [58] BntWeb.Task.BackgroundService - (null) - 后台任务执行完成 "BntWeb.Wallet.Services.WalletTask" . [(null)]
2017-01-17 09:20:29,752 [13] BntWeb.Task.BackgroundService - (null) - 后台任务执行完成 "BntWeb.Core.SystemSettings.Services.ClearLogsTask" . [(null)]
2017-01-17 09:20:29,753 [46] BntWeb.Task.BackgroundService - (null) - 后台任务执行完成 "BntWeb.Core.SystemSettings.Services.ClearFilesTask" . [(null)]
2017-01-17 09:20:29,785 [41] BntWeb.Task.BackgroundService - (null) - 后台任务执行完成 "BntWeb.OrderProcess.Services.OrderProcessTask" . [(null)]
2017-01-17 09:21:29,725 [47] BntWeb.Task.BackgroundService - (null) - 开始执行后台任务 "BntWeb.Wallet.Services.WalletTask" . [(null)]
2017-01-17 09:21:29,727 [39] BntWeb.Task.BackgroundService - (null) - 开始执行后台任务 "BntWeb.Core.SystemSettings.Services.ClearLogsTask" . [(null)]
2017-01-17 09:21:29,729 [42] BntWeb.Task.BackgroundService - (null) - 开始执行后台任务 "BntWeb.OrderProcess.Services.OrderProcessTask" . [(null)]
2017-01-17 09:21:29,725 [59] BntWeb.Task.BackgroundService - (null) - 开始执行后台任务 "BntWeb.Core.SystemSettings.Services.ClearFilesTask" . [(null)]
2017-01-17 09:21:29,759 [47] BntWeb.Task.BackgroundService - (null) - 后台任务执行完成 "BntWeb.Wallet.Services.WalletTask" . [(null)]
2017-01-17 09:21:29,762 [39] BntWeb.Task.BackgroundService - (null) - 后台任务执行完成 "BntWeb.Core.SystemSettings.Services.ClearLogsTask" . [(null)]
2017-01-17 09:21:29,772 [59] BntWeb.Task.BackgroundService - (null) - 后台任务执行完成 "BntWeb.Core.SystemSettings.Services.ClearFilesTask" . [(null)]
2017-01-17 09:21:29,796 [42] BntWeb.Task.BackgroundService - (null) - 后台任务执行完成 "BntWeb.OrderProcess.Services.OrderProcessTask" . [(null)]
2017-01-17 09:22:29,739 [40] BntWeb.Task.BackgroundService - (null) - 开始执行后台任务 "BntWeb.Core.SystemSettings.Services.ClearFilesTask" . [(null)]
2017-01-17 09:22:29,740 [42] BntWeb.Task.BackgroundService - (null) - 开始执行后台任务 "BntWeb.OrderProcess.Services.OrderProcessTask" . [(null)]
2017-01-17 09:22:29,742 [59] BntWeb.Task.BackgroundService - (null) - 开始执行后台任务 "BntWeb.Wallet.Services.WalletTask" . [(null)]
2017-01-17 09:22:29,741 [39] BntWeb.Task.BackgroundService - (null) - 开始执行后台任务 "BntWeb.Core.SystemSettings.Services.ClearLogsTask" . [(null)]
2017-01-17 09:22:29,788 [40] BntWeb.Task.BackgroundService - (null) - 后台任务执行完成 "BntWeb.Core.SystemSettings.Services.ClearFilesTask" . [(null)]
2017-01-17 09:22:29,797 [59] BntWeb.Task.BackgroundService - (null) - 后台任务执行完成 "BntWeb.Wallet.Services.WalletTask" . [(null)]
2017-01-17 09:22:29,803 [39] BntWeb.Task.BackgroundService - (null) - 后台任务执行完成 "BntWeb.Core.SystemSettings.Services.ClearLogsTask" . [(null)]
2017-01-17 09:22:29,829 [42] BntWeb.Task.BackgroundService - (null) - 后台任务执行完成 "BntWeb.OrderProcess.Services.OrderProcessTask" . [(null)]
2017-01-17 09:23:29,752 [36] BntWeb.Task.BackgroundService - (null) - 开始执行后台任务 "BntWeb.Core.SystemSettings.Services.ClearFilesTask" . [(null)]
2017-01-17 09:23:29,755 [30] BntWeb.Task.BackgroundService - (null) - 开始执行后台任务 "BntWeb.Core.SystemSettings.Services.ClearLogsTask" . [(null)]
2017-01-17 09:23:29,757 [44] BntWeb.Task.BackgroundService - (null) - 开始执行后台任务 "BntWeb.OrderProcess.Services.OrderProcessTask" . [(null)]
2017-01-17 09:23:29,753 [39] BntWeb.Task.BackgroundService - (null) - 开始执行后台任务 "BntWeb.Wallet.Services.WalletTask" . [(null)]
2017-01-17 09:23:29,818 [30] BntWeb.Task.BackgroundService - (null) - 后台任务执行完成 "BntWeb.Core.SystemSettings.Services.ClearLogsTask" . [(null)]
2017-01-17 09:23:29,819 [36] BntWeb.Task.BackgroundService - (null) - 后台任务执行完成 "BntWeb.Core.SystemSettings.Services.ClearFilesTask" . [(null)]
2017-01-17 09:23:29,821 [39] BntWeb.Task.BackgroundService - (null) - 后台任务执行完成 "BntWeb.Wallet.Services.WalletTask" . [(null)]
2017-01-17 09:23:29,872 [44] BntWeb.Task.BackgroundService - (null) - 后台任务执行完成 "BntWeb.OrderProcess.Services.OrderProcessTask" . [(null)]
2017-01-17 09:24:29,765 [30] BntWeb.Task.BackgroundService - (null) - 开始执行后台任务 "BntWeb.Wallet.Services.WalletTask" . [(null)]
2017-01-17 09:24:29,765 [33] BntWeb.Task.BackgroundService - (null) - 开始执行后台任务 "BntWeb.Core.SystemSettings.Services.ClearFilesTask" . [(null)]
2017-01-17 09:24:29,768 [39] BntWeb.Task.BackgroundService - (null) - 开始执行后台任务 "BntWeb.OrderProcess.Services.OrderProcessTask" . [(null)]
2017-01-17 09:24:29,766 [44] BntWeb.Task.BackgroundService - (null) - 开始执行后台任务 "BntWeb.Core.SystemSettings.Services.ClearLogsTask" . [(null)]
2017-01-17 09:24:29,813 [30] BntWeb.Task.BackgroundService - (null) - 后台任务执行完成 "BntWeb.Wallet.Services.WalletTask" . [(null)]
2017-01-17 09:24:29,818 [33] BntWeb.Task.BackgroundService - (null) - 后台任务执行完成 "BntWeb.Core.SystemSettings.Services.ClearFilesTask" . [(null)]
2017-01-17 09:24:29,862 [39] BntWeb.Task.BackgroundService - (null) - 后台任务执行完成 "BntWeb.OrderProcess.Services.OrderProcessTask" . [(null)]
2017-01-17 09:24:30,127 [44] BntWeb.Task.BackgroundService - (null) - 后台任务执行完成 "BntWeb.Core.SystemSettings.Services.ClearLogsTask" . [(null)]
2017-01-17 09:25:29,779 [18] BntWeb.Task.BackgroundService - (null) - 开始执行后台任务 "BntWeb.Wallet.Services.WalletTask" . [(null)]
2017-01-17 09:25:29,781 [22] BntWeb.Task.BackgroundService - (null) - 开始执行后台任务 "BntWeb.Core.SystemSettings.Services.ClearLogsTask" . [(null)]
2017-01-17 09:25:29,779 [19] BntWeb.Task.BackgroundService - (null) - 开始执行后台任务 "BntWeb.Core.SystemSettings.Services.ClearFilesTask" . [(null)]
2017-01-17 09:25:29,781 [25] BntWeb.Task.BackgroundService - (null) - 开始执行后台任务 "BntWeb.OrderProcess.Services.OrderProcessTask" . [(null)]
2017-01-17 09:25:29,837 [22] BntWeb.Task.BackgroundService - (null) - 后台任务执行完成 "BntWeb.Core.SystemSettings.Services.ClearLogsTask" . [(null)]
2017-01-17 09:25:30,142 [19] BntWeb.Task.BackgroundService - (null) - 后台任务执行完成 "BntWeb.Core.SystemSettings.Services.ClearFilesTask" . [(null)]
2017-01-17 09:25:30,168 [18] BntWeb.Task.BackgroundService - (null) - 后台任务执行完成 "BntWeb.Wallet.Services.WalletTask" . [(null)]
2017-01-17 09:25:31,548 [25] BntWeb.Task.BackgroundService - (null) - 后台任务执行完成 "BntWeb.OrderProcess.Services.OrderProcessTask" . [(null)]
2017-01-17 11:54:17,359 [7] BntWeb.Environment.DefaultBntWebHost - (null) - Initializing [(null)]
2017-01-17 11:54:17,369 [7] BntWeb.Environment.DefaultBntWebHost - (null) - Start creation of shells [(null)]
2017-01-17 11:54:17,375 [7] BntWeb.Environment.DefaultBntWebShell - (null) - 成功加载模块系统:System [(null)]
2017-01-17 11:54:17,376 [7] BntWeb.Environment.DefaultBntWebShell - (null) - 成功加载模块后台用户:Core-SystemUsers [(null)]
2017-01-17 11:54:17,379 [7] BntWeb.Environment.DefaultBntWebShell - (null) - 成功加载模块系统管理:Core-SystemSettings [(null)]
2017-01-17 11:54:17,380 [7] BntWeb.Environment.DefaultBntWebShell - (null) - 成功加载模块系统错误:Core-Error [(null)]
2017-01-17 11:54:17,381 [7] BntWeb.Environment.DefaultBntWebShell - (null) - 成功加载模块广告管理:BntWeb-Advertisement [(null)]
2017-01-17 11:54:17,383 [7] BntWeb.Environment.DefaultBntWebShell - (null) - 成功加载模块文章管理:BntWeb-Article [(null)]
2017-01-17 11:54:17,384 [7] BntWeb.Environment.DefaultBntWebShell - (null) - 成功加载模块轮播管理:BntWeb-Carousel [(null)]
2017-01-17 11:54:17,386 [7] BntWeb.Environment.DefaultBntWebShell - (null) - 成功加载模块配置管理:BntWeb-Config [(null)]
2017-01-17 11:54:17,387 [7] BntWeb.Environment.DefaultBntWebShell - (null) - 成功加载模块内容标记:BntWeb-ContentMarkup [(null)]
2017-01-17 11:54:17,388 [7] BntWeb.Environment.DefaultBntWebShell - (null) - 成功加载模块发现管理:BntWeb-Discovery [(null)]
2017-01-17 11:54:17,389 [7] BntWeb.Environment.DefaultBntWebShell - (null) - 成功加载模块评价管理:BntWeb-Evaluate [(null)]
2017-01-17 11:54:17,391 [7] BntWeb.Environment.DefaultBntWebShell - (null) - 成功加载模块反馈管理:BntWeb-Feedback [(null)]
2017-01-17 11:54:17,392 [7] BntWeb.Environment.DefaultBntWebShell - (null) - 成功加载模块帮助中心:BntWeb-HelpCenter [(null)]
2017-01-17 11:54:17,393 [7] BntWeb.Environment.DefaultBntWebShell - (null) - 成功加载模块物流管理:BntWeb-Logistics [(null)]
2017-01-17 11:54:17,395 [7] BntWeb.Environment.DefaultBntWebShell - (null) - 成功加载模块商城管理:BntWeb-Mall [(null)]
2017-01-17 11:54:17,397 [7] BntWeb.Environment.DefaultBntWebShell - (null) - 成功加载模块会员基础:BntWeb-MemberBase [(null)]
2017-01-17 11:54:17,398 [7] BntWeb.Environment.DefaultBntWebShell - (null) - 成功加载模块会员管理:BntWeb-MemberCenter [(null)]
2017-01-17 11:54:17,400 [7] BntWeb.Environment.DefaultBntWebShell - (null) - 成功加载模块门店管理:BntWeb-Merchant [(null)]
2017-01-17 11:54:17,401 [7] BntWeb.Environment.DefaultBntWebShell - (null) - 成功加载模块订单管理:BntWeb-OrderProcess [(null)]
2017-01-17 11:54:17,403 [7] BntWeb.Environment.DefaultBntWebShell - (null) - 成功加载模块支付管理:BntWeb-PaymentProcess [(null)]
2017-01-17 11:54:17,404 [7] BntWeb.Environment.DefaultBntWebShell - (null) - 成功加载模块推广渠道:BntWeb-PromotionChannel [(null)]
2017-01-17 11:54:17,405 [7] BntWeb.Environment.DefaultBntWebShell - (null) - 成功加载模块单页管理:BntWeb-SinglePage [(null)]
2017-01-17 11:54:17,406 [7] BntWeb.Environment.DefaultBntWebShell - (null) - 成功加载模块消息中心:BntWeb-SystemMessage [(null)]
2017-01-17 11:54:17,408 [7] BntWeb.Environment.DefaultBntWebShell - (null) - 成功加载模块标签管理:BntWeb-Tag [(null)]
2017-01-17 11:54:17,409 [7] BntWeb.Environment.DefaultBntWebShell - (null) - 成功加载模块钱包管理:BntWeb-Wallet [(null)]
2017-01-17 11:54:17,411 [7] BntWeb.Environment.DefaultBntWebShell - (null) - 加载25项IRouteProvider [(null)]
2017-01-17 11:54:17,412 [7] BntWeb.Environment.DefaultBntWebShell - (null) - 加载19项IHttpRouteProvider [(null)]
2017-01-17 11:54:17,496 [7] BntWeb.Mvc.Routes.RoutePublisher - (null) - 共加载245条路由 [(null)]
2017-01-17 11:54:17,608 [7] BntWeb.Environment.DefaultBntWebHost - (null) - Initialized [(null)]
2017-01-17 11:55:17,595 [17] BntWeb.Task.BackgroundService - (null) - 开始执行后台任务 "BntWeb.Wallet.Services.WalletTask" . [(null)]
2017-01-17 11:55:17,596 [14] BntWeb.Task.BackgroundService - (null) - 开始执行后台任务 "BntWeb.Core.SystemSettings.Services.ClearFilesTask" . [(null)]
2017-01-17 11:55:17,597 [7] BntWeb.Task.BackgroundService - (null) - 开始执行后台任务 "BntWeb.OrderProcess.Services.OrderProcessTask" . [(null)]
2017-01-17 11:55:17,596 [8] BntWeb.Task.BackgroundService - (null) - 开始执行后台任务 "BntWeb.Core.SystemSettings.Services.ClearLogsTask" . [(null)]
2017-01-17 11:55:17,662 [14] BntWeb.Task.BackgroundService - (null) - 后台任务执行完成 "BntWeb.Core.SystemSettings.Services.ClearFilesTask" . [(null)]
2017-01-17 11:55:17,815 [8] BntWeb.Task.BackgroundService - (null) - 后台任务执行完成 "BntWeb.Core.SystemSettings.Services.ClearLogsTask" . [(null)]
2017-01-17 11:55:17,899 [7] BntWeb.Task.BackgroundService - (null) - 后台任务执行完成 "BntWeb.OrderProcess.Services.OrderProcessTask" . [(null)]
2017-01-17 11:55:18,083 [17] BntWeb.Task.BackgroundService - (null) - 后台任务执行完成 "BntWeb.Wallet.Services.WalletTask" . [(null)]
2017-01-17 11:56:17,572 [14] BntWeb.Task.BackgroundService - (null) - 开始执行后台任务 "BntWeb.Wallet.Services.WalletTask" . [(null)]
2017-01-17 11:56:17,573 [9] BntWeb.Task.BackgroundService - (null) - 开始执行后台任务 "BntWeb.Core.SystemSettings.Services.ClearLogsTask" . [(null)]
2017-01-17 11:56:17,572 [7] BntWeb.Task.BackgroundService - (null) - 开始执行后台任务 "BntWeb.Core.SystemSettings.Services.ClearFilesTask" . [(null)]
2017-01-17 11:56:17,574 [17] BntWeb.Task.BackgroundService - (null) - 开始执行后台任务 "BntWeb.OrderProcess.Services.OrderProcessTask" . [(null)]
2017-01-17 11:56:17,601 [9] BntWeb.Task.BackgroundService - (null) - 后台任务执行完成 "BntWeb.Core.SystemSettings.Services.ClearLogsTask" . [(null)]
2017-01-17 11:56:17,607 [14] BntWeb.Task.BackgroundService - (null) - 后台任务执行完成 "BntWeb.Wallet.Services.WalletTask" . [(null)]
2017-01-17 11:56:17,610 [7] BntWeb.Task.BackgroundService - (null) - 后台任务执行完成 "BntWeb.Core.SystemSettings.Services.ClearFilesTask" . [(null)]
2017-01-17 11:56:17,635 [17] BntWeb.Task.BackgroundService - (null) - 后台任务执行完成 "BntWeb.OrderProcess.Services.OrderProcessTask" . [(null)]
2017-01-17 11:57:17,587 [9] BntWeb.Task.BackgroundService - (null) - 开始执行后台任务 "BntWeb.Wallet.Services.WalletTask" . [(null)]
2017-01-17 11:57:17,589 [14] BntWeb.Task.BackgroundService - (null) - 开始执行后台任务 "BntWeb.OrderProcess.Services.OrderProcessTask" . [(null)]
2017-01-17 11:57:17,588 [8] BntWeb.Task.BackgroundService - (null) - 开始执行后台任务 "BntWeb.Core.SystemSettings.Services.ClearLogsTask" . [(null)]
2017-01-17 11:57:17,588 [17] BntWeb.Task.BackgroundService - (null) - 开始执行后台任务 "BntWeb.Core.SystemSettings.Services.ClearFilesTask" . [(null)]
2017-01-17 11:57:17,613 [9] BntWeb.Task.BackgroundService - (null) - 后台任务执行完成 "BntWeb.Wallet.Services.WalletTask" . [(null)]
2017-01-17 11:57:17,619 [8] BntWeb.Task.BackgroundService - (null) - 后台任务执行完成 "BntWeb.Core.SystemSettings.Services.ClearLogsTask" . [(null)]
2017-01-17 11:57:17,624 [17] BntWeb.Task.BackgroundService - (null) - 后台任务执行完成 "BntWeb.Core.SystemSettings.Services.ClearFilesTask" . [(null)]
2017-01-17 11:57:17,641 [14] BntWeb.Task.BackgroundService - (null) - 后台任务执行完成 "BntWeb.OrderProcess.Services.OrderProcessTask" . [(null)]
2017-01-17 11:58:17,600 [7] BntWeb.Task.BackgroundService - (null) - 开始执行后台任务 "BntWeb.Wallet.Services.WalletTask" . [(null)]
2017-01-17 11:58:17,604 [8] BntWeb.Task.BackgroundService - (null) - 开始执行后台任务 "BntWeb.OrderProcess.Services.OrderProcessTask" . [(null)]
2017-01-17 11:58:17,601 [14] BntWeb.Task.BackgroundService - (null) - 开始执行后台任务 "BntWeb.Core.SystemSettings.Services.ClearLogsTask" . [(null)]
2017-01-17 11:58:17,600 [9] BntWeb.Task.BackgroundService - (null) - 开始执行后台任务 "BntWeb.Core.SystemSettings.Services.ClearFilesTask" . [(null)]
2017-01-17 11:58:17,630 [7] BntWeb.Task.BackgroundService - (null) - 后台任务执行完成 "BntWeb.Wallet.Services.WalletTask" . [(null)]
2017-01-17 11:58:17,637 [14] BntWeb.Task.BackgroundService - (null) - 后台任务执行完成 "BntWeb.Core.SystemSettings.Services.ClearLogsTask" . [(null)]
2017-01-17 11:58:17,646 [9] BntWeb.Task.BackgroundService - (null) - 后台任务执行完成 "BntWeb.Core.SystemSettings.Services.ClearFilesTask" . [(null)]
2017-01-17 11:58:17,654 [8] BntWeb.Task.BackgroundService - (null) - 后台任务执行完成 "BntWeb.OrderProcess.Services.OrderProcessTask" . [(null)]
2017-01-17 11:59:17,614 [24] BntWeb.Task.BackgroundService - (null) - 开始执行后台任务 "BntWeb.Core.SystemSettings.Services.ClearLogsTask" . [(null)]
2017-01-17 11:59:17,614 [18] BntWeb.Task.BackgroundService - (null) - 开始执行后台任务 "BntWeb.Core.SystemSettings.Services.ClearFilesTask" . [(null)]
2017-01-17 11:59:17,618 [12] BntWeb.Task.BackgroundService - (null) - 开始执行后台任务 "BntWeb.Wallet.Services.WalletTask" . [(null)]
2017-01-17 11:59:17,616 [14] BntWeb.Task.BackgroundService - (null) - 开始执行后台任务 "BntWeb.OrderProcess.Services.OrderProcessTask" . [(null)]
2017-01-17 11:59:17,645 [24] BntWeb.Task.BackgroundService - (null) - 后台任务执行完成 "BntWeb.Core.SystemSettings.Services.ClearLogsTask" . [(null)]
2017-01-17 11:59:17,649 [12] BntWeb.Task.BackgroundService - (null) - 后台任务执行完成 "BntWeb.Wallet.Services.WalletTask" . [(null)]
2017-01-17 11:59:17,652 [18] BntWeb.Task.BackgroundService - (null) - 后台任务执行完成 "BntWeb.Core.SystemSettings.Services.ClearFilesTask" . [(null)]
2017-01-17 11:59:17,679 [14] BntWeb.Task.BackgroundService - (null) - 后台任务执行完成 "BntWeb.OrderProcess.Services.OrderProcessTask" . [(null)]
2017-01-17 12:00:17,627 [14] BntWeb.Task.BackgroundService - (null) - 开始执行后台任务 "BntWeb.Wallet.Services.WalletTask" . [(null)]
2017-01-17 12:00:17,629 [19] BntWeb.Task.BackgroundService - (null) - 开始执行后台任务 "BntWeb.Core.SystemSettings.Services.ClearLogsTask" . [(null)]
2017-01-17 12:00:17,629 [13] BntWeb.Task.BackgroundService - (null) - 开始执行后台任务 "BntWeb.OrderProcess.Services.OrderProcessTask" . [(null)]
2017-01-17 12:00:17,627 [18] BntWeb.Task.BackgroundService - (null) - 开始执行后台任务 "BntWeb.Core.SystemSettings.Services.ClearFilesTask" . [(null)]
2017-01-17 12:00:17,654 [14] BntWeb.Task.BackgroundService - (null) - 后台任务执行完成 "BntWeb.Wallet.Services.WalletTask" . [(null)]
2017-01-17 12:00:17,659 [19] BntWeb.Task.BackgroundService - (null) - 后台任务执行完成 "BntWeb.Core.SystemSettings.Services.ClearLogsTask" . [(null)]
2017-01-17 12:00:17,663 [18] BntWeb.Task.BackgroundService - (null) - 后台任务执行完成 "BntWeb.Core.SystemSettings.Services.ClearFilesTask" . [(null)]
2017-01-17 12:00:17,685 [13] BntWeb.Task.BackgroundService - (null) - 后台任务执行完成 "BntWeb.OrderProcess.Services.OrderProcessTask" . [(null)]
2017-01-17 12:01:17,639 [27] BntWeb.Task.BackgroundService - (null) - 开始执行后台任务 "BntWeb.Core.SystemSettings.Services.ClearFilesTask" . [(null)]
2017-01-17 12:01:17,639 [5] BntWeb.Task.BackgroundService - (null) - 开始执行后台任务 "BntWeb.Core.SystemSettings.Services.ClearLogsTask" . [(null)]
2017-01-17 12:01:17,641 [26] BntWeb.Task.BackgroundService - (null) - 开始执行后台任务 "BntWeb.OrderProcess.Services.OrderProcessTask" . [(null)]
2017-01-17 12:01:17,641 [19] BntWeb.Task.BackgroundService - (null) - 开始执行后台任务 "BntWeb.Wallet.Services.WalletTask" . [(null)]
2017-01-17 12:01:17,670 [27] BntWeb.Task.BackgroundService - (null) - 后台任务执行完成 "BntWeb.Core.SystemSettings.Services.ClearFilesTask" . [(null)]
2017-01-17 12:01:17,671 [5] BntWeb.Task.BackgroundService - (null) - 后台任务执行完成 "BntWeb.Core.SystemSettings.Services.ClearLogsTask" . [(null)]
2017-01-17 12:01:17,678 [19] BntWeb.Task.BackgroundService - (null) - 后台任务执行完成 "BntWeb.Wallet.Services.WalletTask" . [(null)]
2017-01-17 12:01:17,703 [26] BntWeb.Task.BackgroundService - (null) - 后台任务执行完成 "BntWeb.OrderProcess.Services.OrderProcessTask" . [(null)]
2017-01-17 12:02:17,654 [28] BntWeb.Task.BackgroundService - (null) - 开始执行后台任务 "BntWeb.Core.SystemSettings.Services.ClearFilesTask" . [(null)]
2017-01-17 12:02:17,657 [13] BntWeb.Task.BackgroundService - (null) - 开始执行后台任务 "BntWeb.OrderProcess.Services.OrderProcessTask" . [(null)]
2017-01-17 12:02:17,656 [30] BntWeb.Task.BackgroundService - (null) - 开始执行后台任务 "BntWeb.Core.SystemSettings.Services.ClearLogsTask" . [(null)]
2017-01-17 12:02:17,658 [19] BntWeb.Task.BackgroundService - (null) - 开始执行后台任务 "BntWeb.Wallet.Services.WalletTask" . [(null)]
2017-01-17 12:02:17,688 [28] BntWeb.Task.BackgroundService - (null) - 后台任务执行完成 "BntWeb.Core.SystemSettings.Services.ClearFilesTask" . [(null)]
2017-01-17 12:02:17,688 [30] BntWeb.Task.BackgroundService - (null) - 后台任务执行完成 "BntWeb.Core.SystemSettings.Services.ClearLogsTask" . [(null)]
2017-01-17 12:02:17,694 [19] BntWeb.Task.BackgroundService - (null) - 后台任务执行完成 "BntWeb.Wallet.Services.WalletTask" . [(null)]
2017-01-17 12:02:17,710 [13] BntWeb.Task.BackgroundService - (null) - 后台任务执行完成 "BntWeb.OrderProcess.Services.OrderProcessTask" . [(null)]
2017-01-17 12:03:17,667 [34] BntWeb.Task.BackgroundService - (null) - 开始执行后台任务 "BntWeb.Wallet.Services.WalletTask" . [(null)]
2017-01-17 12:03:17,669 [30] BntWeb.Task.BackgroundService - (null) - 开始执行后台任务 "BntWeb.OrderProcess.Services.OrderProcessTask" . [(null)]
2017-01-17 12:03:17,669 [28] BntWeb.Task.BackgroundService - (null) - 开始执行后台任务 "BntWeb.Core.SystemSettings.Services.ClearLogsTask" . [(null)]
2017-01-17 12:03:17,667 [38] BntWeb.Task.BackgroundService - (null) - 开始执行后台任务 "BntWeb.Core.SystemSettings.Services.ClearFilesTask" . [(null)]
2017-01-17 12:03:17,696 [34] BntWeb.Task.BackgroundService - (null) - 后台任务执行完成 "BntWeb.Wallet.Services.WalletTask" . [(null)]
2017-01-17 12:03:17,700 [28] BntWeb.Task.BackgroundService - (null) - 后台任务执行完成 "BntWeb.Core.SystemSettings.Services.ClearLogsTask" . [(null)]
2017-01-17 12:03:17,707 [38] BntWeb.Task.BackgroundService - (null) - 后台任务执行完成 "BntWeb.Core.SystemSettings.Services.ClearFilesTask" . [(null)]
2017-01-17 12:03:17,726 [30] BntWeb.Task.BackgroundService - (null) - 后台任务执行完成 "BntWeb.OrderProcess.Services.OrderProcessTask" . [(null)]
2017-01-17 12:04:17,681 [19] BntWeb.Task.BackgroundService - (null) - 开始执行后台任务 "BntWeb.Wallet.Services.WalletTask" . [(null)]
2017-01-17 12:04:17,681 [34] BntWeb.Task.BackgroundService - (null) - 开始执行后台任务 "BntWeb.Core.SystemSettings.Services.ClearFilesTask" . [(null)]
2017-01-17 12:04:17,685 [39] BntWeb.Task.BackgroundService - (null) - 开始执行后台任务 "BntWeb.OrderProcess.Services.OrderProcessTask" . [(null)]
2017-01-17 12:04:17,682 [35] BntWeb.Task.BackgroundService - (null) - 开始执行后台任务 "BntWeb.Core.SystemSettings.Services.ClearLogsTask" . [(null)]
2017-01-17 12:04:17,708 [19] BntWeb.Task.BackgroundService - (null) - 后台任务执行完成 "BntWeb.Wallet.Services.WalletTask" . [(null)]
2017-01-17 12:04:17,718 [34] BntWeb.Task.BackgroundService - (null) - 后台任务执行完成 "BntWeb.Core.SystemSettings.Services.ClearFilesTask" . [(null)]
2017-01-17 12:04:17,724 [35] BntWeb.Task.BackgroundService - (null) - 后台任务执行完成 "BntWeb.Core.SystemSettings.Services.ClearLogsTask" . [(null)]
2017-01-17 12:04:17,743 [39] BntWeb.Task.BackgroundService - (null) - 后台任务执行完成 "BntWeb.OrderProcess.Services.OrderProcessTask" . [(null)]
2017-01-17 12:05:17,695 [35] BntWeb.Task.BackgroundService - (null) - 开始执行后台任务 "BntWeb.Wallet.Services.WalletTask" . [(null)]
2017-01-17 12:05:17,697 [19] BntWeb.Task.BackgroundService - (null) - 开始执行后台任务 "BntWeb.OrderProcess.Services.OrderProcessTask" . [(null)]
2017-01-17 12:05:17,697 [41] BntWeb.Task.BackgroundService - (null) - 开始执行后台任务 "BntWeb.Core.SystemSettings.Services.ClearLogsTask" . [(null)]
2017-01-17 12:05:17,695 [16] BntWeb.Task.BackgroundService - (null) - 开始执行后台任务 "BntWeb.Core.SystemSettings.Services.ClearFilesTask" . [(null)]
2017-01-17 12:05:17,724 [35] BntWeb.Task.BackgroundService - (null) - 后台任务执行完成 "BntWeb.Wallet.Services.WalletTask" . [(null)]
2017-01-17 12:05:17,730 [41] BntWeb.Task.BackgroundService - (null) - 后台任务执行完成 "BntWeb.Core.SystemSettings.Services.ClearLogsTask" . [(null)]
2017-01-17 12:05:17,740 [16] BntWeb.Task.BackgroundService - (null) - 后台任务执行完成 "BntWeb.Core.SystemSettings.Services.ClearFilesTask" . [(null)]
2017-01-17 12:05:17,752 [19] BntWeb.Task.BackgroundService - (null) - 后台任务执行完成 "BntWeb.OrderProcess.Services.OrderProcessTask" . [(null)]
2017-01-17 12:06:17,708 [39] BntWeb.Task.BackgroundService - (null) - 开始执行后台任务 "BntWeb.Wallet.Services.WalletTask" . [(null)]
2017-01-17 12:06:17,710 [31] BntWeb.Task.BackgroundService - (null) - 开始执行后台任务 "BntWeb.OrderProcess.Services.OrderProcessTask" . [(null)]
2017-01-17 12:06:17,709 [34] BntWeb.Task.BackgroundService - (null) - 开始执行后台任务 "BntWeb.Core.SystemSettings.Services.ClearLogsTask" . [(null)]
2017-01-17 12:06:17,708 [45] BntWeb.Task.BackgroundService - (null) - 开始执行后台任务 "BntWeb.Core.SystemSettings.Services.ClearFilesTask" . [(null)]
2017-01-17 12:06:17,735 [39] BntWeb.Task.BackgroundService - (null) - 后台任务执行完成 "BntWeb.Wallet.Services.WalletTask" . [(null)]
2017-01-17 12:06:17,745 [34] BntWeb.Task.BackgroundService - (null) - 后台任务执行完成 "BntWeb.Core.SystemSettings.Services.ClearLogsTask" . [(null)]
2017-01-17 12:06:17,753 [45] BntWeb.Task.BackgroundService - (null) - 后台任务执行完成 "BntWeb.Core.SystemSettings.Services.ClearFilesTask" . [(null)]
2017-01-17 12:06:17,768 [31] BntWeb.Task.BackgroundService - (null) - 后台任务执行完成 "BntWeb.OrderProcess.Services.OrderProcessTask" . [(null)]
2017-01-17 12:07:17,722 [31] BntWeb.Task.BackgroundService - (null) - 开始执行后台任务 "BntWeb.Core.SystemSettings.Services.ClearFilesTask" . [(null)]
2017-01-17 12:07:17,724 [53] BntWeb.Task.BackgroundService - (null) - 开始执行后台任务 "BntWeb.OrderProcess.Services.OrderProcessTask" . [(null)]
2017-01-17 12:07:17,724 [48] BntWeb.Task.BackgroundService - (null) - 开始执行后台任务 "BntWeb.Core.SystemSettings.Services.ClearLogsTask" . [(null)]
2017-01-17 12:07:17,722 [39] BntWeb.Task.BackgroundService - (null) - 开始执行后台任务 "BntWeb.Wallet.Services.WalletTask" . [(null)]
2017-01-17 12:07:17,751 [31] BntWeb.Task.BackgroundService - (null) - 后台任务执行完成 "BntWeb.Core.SystemSettings.Services.ClearFilesTask" . [(null)]
2017-01-17 12:07:17,759 [48] BntWeb.Task.BackgroundService - (null) - 后台任务执行完成 "BntWeb.Core.SystemSettings.Services.ClearLogsTask" . [(null)]
2017-01-17 12:07:17,763 [39] BntWeb.Task.BackgroundService - (null) - 后台任务执行完成 "BntWeb.Wallet.Services.WalletTask" . [(null)]
2017-01-17 12:07:17,778 [53] BntWeb.Task.BackgroundService - (null) - 后台任务执行完成 "BntWeb.OrderProcess.Services.OrderProcessTask" . [(null)]
2017-01-17 12:08:17,734 [34] BntWeb.Task.BackgroundService - (null) - 开始执行后台任务 "BntWeb.Core.SystemSettings.Services.ClearFilesTask" . [(null)]
2017-01-17 12:08:17,736 [52] BntWeb.Task.BackgroundService - (null) - 开始执行后台任务 "BntWeb.OrderProcess.Services.OrderProcessTask" . [(null)]
2017-01-17 12:08:17,736 [53] BntWeb.Task.BackgroundService - (null) - 开始执行后台任务 "BntWeb.Core.SystemSettings.Services.ClearLogsTask" . [(null)]
2017-01-17 12:08:17,734 [45] BntWeb.Task.BackgroundService - (null) - 开始执行后台任务 "BntWeb.Wallet.Services.WalletTask" . [(null)]
2017-01-17 12:08:17,763 [34] BntWeb.Task.BackgroundService - (null) - 后台任务执行完成 "BntWeb.Core.SystemSettings.Services.ClearFilesTask" . [(null)]
2017-01-17 12:08:17,768 [53] BntWeb.Task.BackgroundService - (null) - 后台任务执行完成 "BntWeb.Core.SystemSettings.Services.ClearLogsTask" . [(null)]
2017-01-17 12:08:17,774 [45] BntWeb.Task.BackgroundService - (null) - 后台任务执行完成 "BntWeb.Wallet.Services.WalletTask" . [(null)]
2017-01-17 12:08:17,792 [52] BntWeb.Task.BackgroundService - (null) - 后台任务执行完成 "BntWeb.OrderProcess.Services.OrderProcessTask" . [(null)]
2017-01-17 12:09:17,749 [52] BntWeb.Task.BackgroundService - (null) - 开始执行后台任务 "BntWeb.Wallet.Services.WalletTask" . [(null)]
2017-01-17 12:09:17,809 [58] BntWeb.Task.BackgroundService - (null) - 开始执行后台任务 "BntWeb.OrderProcess.Services.OrderProcessTask" . [(null)]
2017-01-17 12:09:17,749 [57] BntWeb.Task.BackgroundService - (null) - 开始执行后台任务 "BntWeb.Core.SystemSettings.Services.ClearFilesTask" . [(null)]
2017-01-17 12:09:17,750 [47] BntWeb.Task.BackgroundService - (null) - 开始执行后台任务 "BntWeb.Core.SystemSettings.Services.ClearLogsTask" . [(null)]
2017-01-17 12:09:17,831 [52] BntWeb.Task.BackgroundService - (null) - 后台任务执行完成 "BntWeb.Wallet.Services.WalletTask" . [(null)]
2017-01-17 12:09:17,832 [47] BntWeb.Task.BackgroundService - (null) - 后台任务执行完成 "BntWeb.Core.SystemSettings.Services.ClearLogsTask" . [(null)]
2017-01-17 12:09:17,833 [57] BntWeb.Task.BackgroundService - (null) - 后台任务执行完成 "BntWeb.Core.SystemSettings.Services.ClearFilesTask" . [(null)]
2017-01-17 12:09:17,853 [58] BntWeb.Task.BackgroundService - (null) - 后台任务执行完成 "BntWeb.OrderProcess.Services.OrderProcessTask" . [(null)]
2017-01-17 12:10:17,763 [53] BntWeb.Task.BackgroundService - (null) - 开始执行后台任务 "BntWeb.Wallet.Services.WalletTask" . [(null)]
2017-01-17 12:10:17,765 [45] BntWeb.Task.BackgroundService - (null) - 开始执行后台任务 "BntWeb.Core.SystemSettings.Services.ClearLogsTask" . [(null)]
2017-01-17 12:10:17,763 [47] BntWeb.Task.BackgroundService - (null) - 开始执行后台任务 "BntWeb.Core.SystemSettings.Services.ClearFilesTask" . [(null)]
2017-01-17 12:10:17,768 [33] BntWeb.Task.BackgroundService - (null) - 开始执行后台任务 "BntWeb.OrderProcess.Services.OrderProcessTask" . [(null)]
2017-01-17 12:10:17,790 [53] BntWeb.Task.BackgroundService - (null) - 后台任务执行完成 "BntWeb.Wallet.Services.WalletTask" . [(null)]
2017-01-17 12:10:17,795 [45] BntWeb.Task.BackgroundService - (null) - 后台任务执行完成 "BntWeb.Core.SystemSettings.Services.ClearLogsTask" . [(null)]
2017-01-17 12:10:17,801 [47] BntWeb.Task.BackgroundService - (null) - 后台任务执行完成 "BntWeb.Core.SystemSettings.Services.ClearFilesTask" . [(null)]
2017-01-17 12:10:17,827 [33] BntWeb.Task.BackgroundService - (null) - 后台任务执行完成 "BntWeb.OrderProcess.Services.OrderProcessTask" . [(null)]
2017-01-17 12:11:17,780 [43] BntWeb.Task.BackgroundService - (null) - 开始执行后台任务 "BntWeb.Core.SystemSettings.Services.ClearFilesTask" . [(null)]
2017-01-17 12:11:17,783 [42] BntWeb.Task.BackgroundService - (null) - 开始执行后台任务 "BntWeb.OrderProcess.Services.OrderProcessTask" . [(null)]
2017-01-17 12:11:17,783 [53] BntWeb.Task.BackgroundService - (null) - 开始执行后台任务 "BntWeb.Wallet.Services.WalletTask" . [(null)]
2017-01-17 12:11:17,781 [33] BntWeb.Task.BackgroundService - (null) - 开始执行后台任务 "BntWeb.Core.SystemSettings.Services.ClearLogsTask" . [(null)]
2017-01-17 12:11:17,810 [43] BntWeb.Task.BackgroundService - (null) - 后台任务执行完成 "BntWeb.Core.SystemSettings.Services.ClearFilesTask" . [(null)]
2017-01-17 12:11:17,818 [53] BntWeb.Task.BackgroundService - (null) - 后台任务执行完成 "BntWeb.Wallet.Services.WalletTask" . [(null)]
2017-01-17 12:11:17,819 [33] BntWeb.Task.BackgroundService - (null) - 后台任务执行完成 "BntWeb.Core.SystemSettings.Services.ClearLogsTask" . [(null)]
2017-01-17 12:11:17,839 [42] BntWeb.Task.BackgroundService - (null) - 后台任务执行完成 "BntWeb.OrderProcess.Services.OrderProcessTask" . [(null)]
2017-01-17 12:12:17,789 [42] BntWeb.Task.BackgroundService - (null) - 开始执行后台任务 "BntWeb.Wallet.Services.WalletTask" . [(null)]
2017-01-17 12:12:17,792 [47] BntWeb.Task.BackgroundService - (null) - 开始执行后台任务 "BntWeb.OrderProcess.Services.OrderProcessTask" . [(null)]
2017-01-17 12:12:17,791 [44] BntWeb.Task.BackgroundService - (null) - 开始执行后台任务 "BntWeb.Core.SystemSettings.Services.ClearLogsTask" . [(null)]
2017-01-17 12:12:17,789 [49] BntWeb.Task.BackgroundService - (null) - 开始执行后台任务 "BntWeb.Core.SystemSettings.Services.ClearFilesTask" . [(null)]
2017-01-17 12:12:17,819 [42] BntWeb.Task.BackgroundService - (null) - 后台任务执行完成 "BntWeb.Wallet.Services.WalletTask" . [(null)]
2017-01-17 12:12:17,823 [44] BntWeb.Task.BackgroundService - (null) - 后台任务执行完成 "BntWeb.Core.SystemSettings.Services.ClearLogsTask" . [(null)]
2017-01-17 12:12:17,828 [49] BntWeb.Task.BackgroundService - (null) - 后台任务执行完成 "BntWeb.Core.SystemSettings.Services.ClearFilesTask" . [(null)]
2017-01-17 12:12:17,846 [47] BntWeb.Task.BackgroundService - (null) - 后台任务执行完成 "BntWeb.OrderProcess.Services.OrderProcessTask" . [(null)]
2017-01-17 12:13:17,803 [49] BntWeb.Task.BackgroundService - (null) - 开始执行后台任务 "BntWeb.Wallet.Services.WalletTask" . [(null)]
2017-01-17 12:13:17,803 [47] BntWeb.Task.BackgroundService - (null) - 开始执行后台任务 "BntWeb.Core.SystemSettings.Services.ClearFilesTask" . [(null)]
2017-01-17 12:13:17,804 [31] BntWeb.Task.BackgroundService - (null) - 开始执行后台任务 "BntWeb.Core.SystemSettings.Services.ClearLogsTask" . [(null)]
2017-01-17 12:13:17,805 [39] BntWeb.Task.BackgroundService - (null) - 开始执行后台任务 "BntWeb.OrderProcess.Services.OrderProcessTask" . [(null)]
2017-01-17 12:13:17,830 [49] BntWeb.Task.BackgroundService - (null) - 后台任务执行完成 "BntWeb.Wallet.Services.WalletTask" . [(null)]
2017-01-17 12:13:17,836 [47] BntWeb.Task.BackgroundService - (null) - 后台任务执行完成 "BntWeb.Core.SystemSettings.Services.ClearFilesTask" . [(null)]
2017-01-17 12:13:17,841 [31] BntWeb.Task.BackgroundService - (null) - 后台任务执行完成 "BntWeb.Core.SystemSettings.Services.ClearLogsTask" . [(null)]
2017-01-17 12:13:17,874 [39] BntWeb.Task.BackgroundService - (null) - 后台任务执行完成 "BntWeb.OrderProcess.Services.OrderProcessTask" . [(null)]
2017-01-17 12:14:17,817 [42] BntWeb.Task.BackgroundService - (null) - 开始执行后台任务 "BntWeb.Wallet.Services.WalletTask" . [(null)]
2017-01-17 12:14:17,819 [47] BntWeb.Task.BackgroundService - (null) - 开始执行后台任务 "BntWeb.OrderProcess.Services.OrderProcessTask" . [(null)]
2017-01-17 12:14:17,819 [16] BntWeb.Task.BackgroundService - (null) - 开始执行后台任务 "BntWeb.Core.SystemSettings.Services.ClearLogsTask" . [(null)]
2017-01-17 12:14:17,817 [35] BntWeb.Task.BackgroundService - (null) - 开始执行后台任务 "BntWeb.Core.SystemSettings.Services.ClearFilesTask" . [(null)]
2017-01-17 12:14:17,844 [42] BntWeb.Task.BackgroundService - (null) - 后台任务执行完成 "BntWeb.Wallet.Services.WalletTask" . [(null)]
2017-01-17 12:14:17,855 [16] BntWeb.Task.BackgroundService - (null) - 后台任务执行完成 "BntWeb.Core.SystemSettings.Services.ClearLogsTask" . [(null)]
2017-01-17 12:14:17,857 [35] BntWeb.Task.BackgroundService - (null) - 后台任务执行完成 "BntWeb.Core.SystemSettings.Services.ClearFilesTask" . [(null)]
2017-01-17 12:14:17,878 [47] BntWeb.Task.BackgroundService - (null) - 后台任务执行完成 "BntWeb.OrderProcess.Services.OrderProcessTask" . [(null)]
2017-01-17 12:15:17,830 [35] BntWeb.Task.BackgroundService - (null) - 开始执行后台任务 "BntWeb.Wallet.Services.WalletTask" . [(null)]
2017-01-17 12:15:17,830 [42] BntWeb.Task.BackgroundService - (null) - 开始执行后台任务 "BntWeb.Core.SystemSettings.Services.ClearLogsTask" . [(null)]
2017-01-17 12:15:17,832 [30] BntWeb.Task.BackgroundService - (null) - 开始执行后台任务 "BntWeb.Core.SystemSettings.Services.ClearFilesTask" . [(null)]
2017-01-17 12:15:17,832 [16] BntWeb.Task.BackgroundService - (null) - 开始执行后台任务 "BntWeb.OrderProcess.Services.OrderProcessTask" . [(null)]
2017-01-17 12:15:17,864 [35] BntWeb.Task.BackgroundService - (null) - 后台任务执行完成 "BntWeb.Wallet.Services.WalletTask" . [(null)]
2017-01-17 17:31:44,919 [10] BntWeb.Environment.DefaultBntWebHost - (null) - Initializing [(null)]
2017-01-17 17:31:44,956 [10] BntWeb.Environment.DefaultBntWebHost - (null) - Start creation of shells [(null)]
2017-01-17 17:31:44,967 [10] BntWeb.Environment.DefaultBntWebShell - (null) - 成功加载模块系统:System [(null)]
2017-01-17 17:31:44,971 [10] BntWeb.Environment.DefaultBntWebShell - (null) - 成功加载模块后台用户:Core-SystemUsers [(null)]
2017-01-17 17:31:44,974 [10] BntWeb.Environment.DefaultBntWebShell - (null) - 成功加载模块系统管理:Core-SystemSettings [(null)]
2017-01-17 17:31:44,976 [10] BntWeb.Environment.DefaultBntWebShell - (null) - 成功加载模块系统错误:Core-Error [(null)]
2017-01-17 17:31:44,978 [10] BntWeb.Environment.DefaultBntWebShell - (null) - 成功加载模块广告管理:BntWeb-Advertisement [(null)]
2017-01-17 17:31:44,984 [10] BntWeb.Environment.DefaultBntWebShell - (null) - 成功加载模块文章管理:BntWeb-Article [(null)]
2017-01-17 17:31:44,986 [10] BntWeb.Environment.DefaultBntWebShell - (null) - 成功加载模块轮播管理:BntWeb-Carousel [(null)]
2017-01-17 17:31:44,988 [10] BntWeb.Environment.DefaultBntWebShell - (null) - 成功加载模块配置管理:BntWeb-Config [(null)]
2017-01-17 17:31:44,995 [10] BntWeb.Environment.DefaultBntWebShell - (null) - 成功加载模块内容标记:BntWeb-ContentMarkup [(null)]
2017-01-17 17:31:44,998 [10] BntWeb.Environment.DefaultBntWebShell - (null) - 成功加载模块发现管理:BntWeb-Discovery [(null)]
2017-01-17 17:31:45,006 [10] BntWeb.Environment.DefaultBntWebShell - (null) - 成功加载模块评价管理:BntWeb-Evaluate [(null)]
2017-01-17 17:31:45,008 [10] BntWeb.Environment.DefaultBntWebShell - (null) - 成功加载模块反馈管理:BntWeb-Feedback [(null)]
2017-01-17 17:31:45,013 [10] BntWeb.Environment.DefaultBntWebShell - (null) - 成功加载模块帮助中心:BntWeb-HelpCenter [(null)]
2017-01-17 17:31:45,016 [10] BntWeb.Environment.DefaultBntWebShell - (null) - 成功加载模块物流管理:BntWeb-Logistics [(null)]
2017-01-17 17:31:45,018 [10] BntWeb.Environment.DefaultBntWebShell - (null) - 成功加载模块商城管理:BntWeb-Mall [(null)]
2017-01-17 17:31:45,020 [10] BntWeb.Environment.DefaultBntWebShell - (null) - 成功加载模块会员基础:BntWeb-MemberBase [(null)]
2017-01-17 17:31:45,031 [10] BntWeb.Environment.DefaultBntWebShell - (null) - 成功加载模块会员管理:BntWeb-MemberCenter [(null)]
2017-01-17 17:31:45,035 [10] BntWeb.Environment.DefaultBntWebShell - (null) - 成功加载模块门店管理:BntWeb-Merchant [(null)]
2017-01-17 17:31:45,037 [10] BntWeb.Environment.DefaultBntWebShell - (null) - 成功加载模块订单管理:BntWeb-OrderProcess [(null)]
2017-01-17 17:31:45,040 [10] BntWeb.Environment.DefaultBntWebShell - (null) - 成功加载模块支付管理:BntWeb-PaymentProcess [(null)]
2017-01-17 17:31:45,042 [10] BntWeb.Environment.DefaultBntWebShell - (null) - 成功加载模块推广渠道:BntWeb-PromotionChannel [(null)]
2017-01-17 17:31:45,045 [10] BntWeb.Environment.DefaultBntWebShell - (null) - 成功加载模块单页管理:BntWeb-SinglePage [(null)]
2017-01-17 17:31:45,052 [10] BntWeb.Environment.DefaultBntWebShell - (null) - 成功加载模块消息中心:BntWeb-SystemMessage [(null)]
2017-01-17 17:31:45,060 [10] BntWeb.Environment.DefaultBntWebShell - (null) - 成功加载模块标签管理:BntWeb-Tag [(null)]
2017-01-17 17:31:45,066 [10] BntWeb.Environment.DefaultBntWebShell - (null) - 成功加载模块钱包管理:BntWeb-Wallet [(null)]
2017-01-17 17:31:45,069 [10] BntWeb.Environment.DefaultBntWebShell - (null) - 加载25项IRouteProvider [(null)]
2017-01-17 17:31:45,071 [10] BntWeb.Environment.DefaultBntWebShell - (null) - 加载19项IHttpRouteProvider [(null)]
2017-01-17 17:31:45,208 [10] BntWeb.Mvc.Routes.RoutePublisher - (null) - 共加载245条路由 [(null)]
2017-01-17 17:31:45,404 [10] BntWeb.Environment.DefaultBntWebHost - (null) - Initialized [(null)]
2017-01-17 17:32:51,182 [8] BntWeb.Task.BackgroundService - (null) - 开始执行后台任务 "BntWeb.Core.SystemSettings.Services.ClearFilesTask" . [(null)]
2017-01-17 17:32:51,182 [13] BntWeb.Task.BackgroundService - (null) - 开始执行后台任务 "BntWeb.Wallet.Services.WalletTask" . [(null)]
2017-01-17 17:32:51,182 [10] BntWeb.Task.BackgroundService - (null) - 开始执行后台任务 "BntWeb.Core.SystemSettings.Services.ClearLogsTask" . [(null)]
2017-01-17 17:32:51,186 [11] BntWeb.Task.BackgroundService - (null) - 开始执行后台任务 "BntWeb.OrderProcess.Services.OrderProcessTask" . [(null)]
2017-01-17 17:32:51,658 [10] BntWeb.Task.BackgroundService - (null) - 后台任务执行完成 "BntWeb.Core.SystemSettings.Services.ClearLogsTask" . [(null)]
2017-01-17 17:32:51,873 [8] BntWeb.Task.BackgroundService - (null) - 后台任务执行完成 "BntWeb.Core.SystemSettings.Services.ClearFilesTask" . [(null)]
2017-01-17 17:32:52,031 [11] BntWeb.Task.BackgroundService - (null) - 后台任务执行完成 "BntWeb.OrderProcess.Services.OrderProcessTask" . [(null)]
2017-01-17 17:32:52,275 [13] BntWeb.Task.BackgroundService - (null) - 后台任务执行完成 "BntWeb.Wallet.Services.WalletTask" . [(null)]
2017-01-17 17:33:45,347 [13] BntWeb.Task.BackgroundService - (null) - 开始执行后台任务 "BntWeb.Core.SystemSettings.Services.ClearFilesTask" . [(null)]
2017-01-17 17:33:45,350 [8] BntWeb.Task.BackgroundService - (null) - 开始执行后台任务 "BntWeb.Wallet.Services.WalletTask" . [(null)]
2017-01-17 17:33:45,347 [10] BntWeb.Task.BackgroundService - (null) - 开始执行后台任务 "BntWeb.Core.SystemSettings.Services.ClearLogsTask" . [(null)]
2017-01-17 17:33:45,348 [11] BntWeb.Task.BackgroundService - (null) - 开始执行后台任务 "BntWeb.OrderProcess.Services.OrderProcessTask" . [(null)]
2017-01-17 17:33:45,383 [13] BntWeb.Task.BackgroundService - (null) - 后台任务执行完成 "BntWeb.Core.SystemSettings.Services.ClearFilesTask" . [(null)]
2017-01-17 17:33:45,393 [10] BntWeb.Task.BackgroundService - (null) - 后台任务执行完成 "BntWeb.Core.SystemSettings.Services.ClearLogsTask" . [(null)]
2017-01-17 17:33:45,394 [8] BntWeb.Task.BackgroundService - (null) - 后台任务执行完成 "BntWeb.Wallet.Services.WalletTask" . [(null)]
2017-01-17 17:33:45,433 [11] BntWeb.Task.BackgroundService - (null) - 后台任务执行完成 "BntWeb.OrderProcess.Services.OrderProcessTask" . [(null)]
2017-01-17 17:34:45,369 [10] BntWeb.Task.BackgroundService - (null) - 开始执行后台任务 "BntWeb.Core.SystemSettings.Services.ClearFilesTask" . [(null)]
2017-01-17 17:34:45,370 [13] BntWeb.Task.BackgroundService - (null) - 开始执行后台任务 "BntWeb.Core.SystemSettings.Services.ClearLogsTask" . [(null)]
2017-01-17 17:34:45,397 [13] BntWeb.Task.BackgroundService - (null) - 后台任务执行完成 "BntWeb.Core.SystemSettings.Services.ClearLogsTask" . [(null)]
2017-01-17 17:34:45,398 [10] BntWeb.Task.BackgroundService - (null) - 后台任务执行完成 "BntWeb.Core.SystemSettings.Services.ClearFilesTask" . [(null)]
2017-01-17 17:34:45,403 [8] BntWeb.Task.BackgroundService - (null) - 开始执行后台任务 "BntWeb.OrderProcess.Services.OrderProcessTask" . [(null)]
2017-01-17 17:34:45,404 [11] BntWeb.Task.BackgroundService - (null) - 开始执行后台任务 "BntWeb.Wallet.Services.WalletTask" . [(null)]
2017-01-17 17:34:45,442 [11] BntWeb.Task.BackgroundService - (null) - 后台任务执行完成 "BntWeb.Wallet.Services.WalletTask" . [(null)]
2017-01-17 17:34:45,465 [8] BntWeb.Task.BackgroundService - (null) - 后台任务执行完成 "BntWeb.OrderProcess.Services.OrderProcessTask" . [(null)]
2017-01-17 17:35:45,375 [11] BntWeb.Task.BackgroundService - (null) - 开始执行后台任务 "BntWeb.Core.SystemSettings.Services.ClearLogsTask" . [(null)]
2017-01-17 17:35:45,379 [8] BntWeb.Task.BackgroundService - (null) - 开始执行后台任务 "BntWeb.Core.SystemSettings.Services.ClearFilesTask" . [(null)]
2017-01-17 17:35:45,378 [10] BntWeb.Task.BackgroundService - (null) - 开始执行后台任务 "BntWeb.Wallet.Services.WalletTask" . [(null)]
2017-01-17 17:35:45,375 [13] BntWeb.Task.BackgroundService - (null) - 开始执行后台任务 "BntWeb.OrderProcess.Services.OrderProcessTask" . [(null)]
2017-01-17 17:35:45,408 [11] BntWeb.Task.BackgroundService - (null) - 后台任务执行完成 "BntWeb.Core.SystemSettings.Services.ClearLogsTask" . [(null)]
2017-01-17 17:35:45,413 [8] BntWeb.Task.BackgroundService - (null) - 后台任务执行完成 "BntWeb.Core.SystemSettings.Services.ClearFilesTask" . [(null)]
2017-01-17 17:35:45,429 [10] BntWeb.Task.BackgroundService - (null) - 后台任务执行完成 "BntWeb.Wallet.Services.WalletTask" . [(null)]
2017-01-17 17:35:45,457 [13] BntWeb.Task.BackgroundService - (null) - 后台任务执行完成 "BntWeb.OrderProcess.Services.OrderProcessTask" . [(null)]
2017-01-17 17:36:45,398 [8] BntWeb.Task.BackgroundService - (null) - 开始执行后台任务 "BntWeb.Wallet.Services.WalletTask" . [(null)]
2017-01-17 17:36:45,400 [9] BntWeb.Task.BackgroundService - (null) - 开始执行后台任务 "BntWeb.Core.SystemSettings.Services.ClearLogsTask" . [(null)]
2017-01-17 17:36:45,402 [10] BntWeb.Task.BackgroundService - (null) - 开始执行后台任务 "BntWeb.OrderProcess.Services.OrderProcessTask" . [(null)]
2017-01-17 17:36:45,399 [13] BntWeb.Task.BackgroundService - (null) - 开始执行后台任务 "BntWeb.Core.SystemSettings.Services.ClearFilesTask" . [(null)]
2017-01-17 17:36:45,429 [8] BntWeb.Task.BackgroundService - (null) - 后台任务执行完成 "BntWeb.Wallet.Services.WalletTask" . [(null)]
2017-01-17 17:36:45,437 [9] BntWeb.Task.BackgroundService - (null) - 后台任务执行完成 "BntWeb.Core.SystemSettings.Services.ClearLogsTask" . [(null)]
2017-01-17 17:36:45,440 [13] BntWeb.Task.BackgroundService - (null) - 后台任务执行完成 "BntWeb.Core.SystemSettings.Services.ClearFilesTask" . [(null)]
2017-01-17 17:36:45,459 [10] BntWeb.Task.BackgroundService - (null) - 后台任务执行完成 "BntWeb.OrderProcess.Services.OrderProcessTask" . [(null)]
2017-01-17 17:37:45,403 [9] BntWeb.Task.BackgroundService - (null) - 开始执行后台任务 "BntWeb.Core.SystemSettings.Services.ClearLogsTask" . [(null)]
2017-01-17 17:37:45,403 [16] BntWeb.Task.BackgroundService - (null) - 开始执行后台任务 "BntWeb.Core.SystemSettings.Services.ClearFilesTask" . [(null)]
2017-01-17 17:37:45,405 [13] BntWeb.Task.BackgroundService - (null) - 开始执行后台任务 "BntWeb.Wallet.Services.WalletTask" . [(null)]
2017-01-17 17:37:45,410 [11] BntWeb.Task.BackgroundService - (null) - 开始执行后台任务 "BntWeb.OrderProcess.Services.OrderProcessTask" . [(null)]
2017-01-17 17:37:45,443 [9] BntWeb.Task.BackgroundService - (null) - 后台任务执行完成 "BntWeb.Core.SystemSettings.Services.ClearLogsTask" . [(null)]
2017-01-17 17:37:45,455 [13] BntWeb.Task.BackgroundService - (null) - 后台任务执行完成 "BntWeb.Wallet.Services.WalletTask" . [(null)]
2017-01-17 17:37:45,455 [16] BntWeb.Task.BackgroundService - (null) - 后台任务执行完成 "BntWeb.Core.SystemSettings.Services.ClearFilesTask" . [(null)]
2017-01-17 17:37:45,491 [11] BntWeb.Task.BackgroundService - (null) - 后台任务执行完成 "BntWeb.OrderProcess.Services.OrderProcessTask" . [(null)]
2017-01-17 17:38:45,424 [17] BntWeb.Task.BackgroundService - (null) - 开始执行后台任务 "BntWeb.Core.SystemSettings.Services.ClearFilesTask" . [(null)]
2017-01-17 17:38:45,424 [9] BntWeb.Task.BackgroundService - (null) - 开始执行后台任务 "BntWeb.Core.SystemSettings.Services.ClearLogsTask" . [(null)]
2017-01-17 17:38:45,427 [22] BntWeb.Task.BackgroundService - (null) - 开始执行后台任务 "BntWeb.OrderProcess.Services.OrderProcessTask" . [(null)]
2017-01-17 17:38:45,428 [18] BntWeb.Task.BackgroundService - (null) - 开始执行后台任务 "BntWeb.Wallet.Services.WalletTask" . [(null)]
2017-01-17 17:38:45,478 [18] BntWeb.Task.BackgroundService - (null) - 后台任务执行完成 "BntWeb.Wallet.Services.WalletTask" . [(null)]
2017-01-17 17:38:45,478 [9] BntWeb.Task.BackgroundService - (null) - 后台任务执行完成 "BntWeb.Core.SystemSettings.Services.ClearLogsTask" . [(null)]
2017-01-17 17:38:45,496 [22] BntWeb.Task.BackgroundService - (null) - 后台任务执行完成 "BntWeb.OrderProcess.Services.OrderProcessTask" . [(null)]
2017-01-17 17:38:45,923 [17] BntWeb.Task.BackgroundService - (null) - 后台任务执行完成 "BntWeb.Core.SystemSettings.Services.ClearFilesTask" . [(null)]
2017-01-17 17:39:45,437 [22] BntWeb.Task.BackgroundService - (null) - 开始执行后台任务 "BntWeb.Wallet.Services.WalletTask" . [(null)]
2017-01-17 17:39:45,439 [23] BntWeb.Task.BackgroundService - (null) - 开始执行后台任务 "BntWeb.Core.SystemSettings.Services.ClearLogsTask" . [(null)]
2017-01-17 17:39:45,439 [13] BntWeb.Task.BackgroundService - (null) - 开始执行后台任务 "BntWeb.OrderProcess.Services.OrderProcessTask" . [(null)]
2017-01-17 17:39:45,437 [18] BntWeb.Task.BackgroundService - (null) - 开始执行后台任务 "BntWeb.Core.SystemSettings.Services.ClearFilesTask" . [(null)]
2017-01-17 17:39:45,471 [22] BntWeb.Task.BackgroundService - (null) - 后台任务执行完成 "BntWeb.Wallet.Services.WalletTask" . [(null)]
2017-01-17 17:39:45,474 [23] BntWeb.Task.BackgroundService - (null) - 后台任务执行完成 "BntWeb.Core.SystemSettings.Services.ClearLogsTask" . [(null)]
2017-01-17 17:39:45,486 [18] BntWeb.Task.BackgroundService - (null) - 后台任务执行完成 "BntWeb.Core.SystemSettings.Services.ClearFilesTask" . [(null)]
2017-01-17 17:39:45,510 [13] BntWeb.Task.BackgroundService - (null) - 后台任务执行完成 "BntWeb.OrderProcess.Services.OrderProcessTask" . [(null)]
2017-01-17 17:40:45,442 [18] BntWeb.Task.BackgroundService - (null) - 开始执行后台任务 "BntWeb.Wallet.Services.WalletTask" . [(null)]
2017-01-17 17:40:45,442 [13] BntWeb.Task.BackgroundService - (null) - 开始执行后台任务 "BntWeb.Core.SystemSettings.Services.ClearFilesTask" . [(null)]
2017-01-17 17:40:45,444 [23] BntWeb.Task.BackgroundService - (null) - 开始执行后台任务 "BntWeb.Core.SystemSettings.Services.ClearLogsTask" . [(null)]
2017-01-17 17:40:45,444 [21] BntWeb.Task.BackgroundService - (null) - 开始执行后台任务 "BntWeb.OrderProcess.Services.OrderProcessTask" . [(null)]
2017-01-17 17:40:45,487 [18] BntWeb.Task.BackgroundService - (null) - 后台任务执行完成 "BntWeb.Wallet.Services.WalletTask" . [(null)]
2017-01-17 17:40:45,498 [13] BntWeb.Task.BackgroundService - (null) - 后台任务执行完成 "BntWeb.Core.SystemSettings.Services.ClearFilesTask" . [(null)]
2017-01-17 17:40:46,032 [21] BntWeb.Task.BackgroundService - (null) - 后台任务执行完成 "BntWeb.OrderProcess.Services.OrderProcessTask" . [(null)]
2017-01-17 17:40:46,715 [23] BntWeb.Task.BackgroundService - (null) - 后台任务执行完成 "BntWeb.Core.SystemSettings.Services.ClearLogsTask" . [(null)]
2017-01-17 17:41:45,457 [15] BntWeb.Task.BackgroundService - (null) - 开始执行后台任务 "BntWeb.Core.SystemSettings.Services.ClearFilesTask" . [(null)]
2017-01-17 17:41:45,457 [29] BntWeb.Task.BackgroundService - (null) - 开始执行后台任务 "BntWeb.Core.SystemSettings.Services.ClearLogsTask" . [(null)]
2017-01-17 17:41:45,459 [27] BntWeb.Task.BackgroundService - (null) - 开始执行后台任务 "BntWeb.Wallet.Services.WalletTask" . [(null)]
2017-01-17 17:41:45,459 [28] BntWeb.Task.BackgroundService - (null) - 开始执行后台任务 "BntWeb.OrderProcess.Services.OrderProcessTask" . [(null)]
2017-01-17 17:41:45,503 [29] BntWeb.Task.BackgroundService - (null) - 后台任务执行完成 "BntWeb.Core.SystemSettings.Services.ClearLogsTask" . [(null)]
2017-01-17 17:41:45,504 [15] BntWeb.Task.BackgroundService - (null) - 后台任务执行完成 "BntWeb.Core.SystemSettings.Services.ClearFilesTask" . [(null)]
2017-01-17 17:41:45,507 [27] BntWeb.Task.BackgroundService - (null) - 后台任务执行完成 "BntWeb.Wallet.Services.WalletTask" . [(null)]
2017-01-17 17:41:45,768 [28] BntWeb.Task.BackgroundService - (null) - 后台任务执行完成 "BntWeb.OrderProcess.Services.OrderProcessTask" . [(null)]
2017-01-17 17:42:45,470 [15] BntWeb.Task.BackgroundService - (null) - 开始执行后台任务 "BntWeb.Wallet.Services.WalletTask" . [(null)]
2017-01-17 17:42:45,470 [22] BntWeb.Task.BackgroundService - (null) - 开始执行后台任务 "BntWeb.Core.SystemSettings.Services.ClearFilesTask" . [(null)]
2017-01-17 17:42:45,470 [23] BntWeb.Task.BackgroundService - (null) - 开始执行后台任务 "BntWeb.Core.SystemSettings.Services.ClearLogsTask" . [(null)]
2017-01-17 17:42:45,470 [26] BntWeb.Task.BackgroundService - (null) - 开始执行后台任务 "BntWeb.OrderProcess.Services.OrderProcessTask" . [(null)]
2017-01-17 17:42:45,497 [22] BntWeb.Task.BackgroundService - (null) - 后台任务执行完成 "BntWeb.Core.SystemSettings.Services.ClearFilesTask" . [(null)]
2017-01-17 17:42:45,498 [15] BntWeb.Task.BackgroundService - (null) - 后台任务执行完成 "BntWeb.Wallet.Services.WalletTask" . [(null)]
2017-01-17 17:42:45,500 [23] BntWeb.Task.BackgroundService - (null) - 后台任务执行完成 "BntWeb.Core.SystemSettings.Services.ClearLogsTask" . [(null)]
2017-01-17 17:42:45,523 [26] BntWeb.Task.BackgroundService - (null) - 后台任务执行完成 "BntWeb.OrderProcess.Services.OrderProcessTask" . [(null)]
2017-01-17 17:43:45,483 [23] BntWeb.Task.BackgroundService - (null) - 开始执行后台任务 "BntWeb.Wallet.Services.WalletTask" . [(null)]
2017-01-17 17:43:45,483 [31] BntWeb.Task.BackgroundService - (null) - 开始执行后台任务 "BntWeb.Core.SystemSettings.Services.ClearFilesTask" . [(null)]
2017-01-17 17:43:45,484 [33] BntWeb.Task.BackgroundService - (null) - 开始执行后台任务 "BntWeb.Core.SystemSettings.Services.ClearLogsTask" . [(null)]
2017-01-17 17:43:45,484 [34] BntWeb.Task.BackgroundService - (null) - 开始执行后台任务 "BntWeb.OrderProcess.Services.OrderProcessTask" . [(null)]
2017-01-17 17:43:45,521 [23] BntWeb.Task.BackgroundService - (null) - 后台任务执行完成 "BntWeb.Wallet.Services.WalletTask" . [(null)]
2017-01-17 17:43:45,524 [31] BntWeb.Task.BackgroundService - (null) - 后台任务执行完成 "BntWeb.Core.SystemSettings.Services.ClearFilesTask" . [(null)]
2017-01-17 17:43:45,522 [33] BntWeb.Task.BackgroundService - (null) - 后台任务执行完成 "BntWeb.Core.SystemSettings.Services.ClearLogsTask" . [(null)]
2017-01-17 17:43:45,543 [34] BntWeb.Task.BackgroundService - (null) - 后台任务执行完成 "BntWeb.OrderProcess.Services.OrderProcessTask" . [(null)]
2017-01-17 17:44:45,497 [34] BntWeb.Task.BackgroundService - (null) - 开始执行后台任务 "BntWeb.Core.SystemSettings.Services.ClearFilesTask" . [(null)]
2017-01-17 17:44:45,497 [22] BntWeb.Task.BackgroundService - (null) - 开始执行后台任务 "BntWeb.Wallet.Services.WalletTask" . [(null)]
2017-01-17 17:44:45,497 [23] BntWeb.Task.BackgroundService - (null) - 开始执行后台任务 "BntWeb.Core.SystemSettings.Services.ClearLogsTask" . [(null)]
2017-01-17 17:44:45,500 [15] BntWeb.Task.BackgroundService - (null) - 开始执行后台任务 "BntWeb.OrderProcess.Services.OrderProcessTask" . [(null)]
2017-01-17 17:44:45,546 [34] BntWeb.Task.BackgroundService - (null) - 后台任务执行完成 "BntWeb.Core.SystemSettings.Services.ClearFilesTask" . [(null)]
2017-01-17 17:44:45,549 [22] BntWeb.Task.BackgroundService - (null) - 后台任务执行完成 "BntWeb.Wallet.Services.WalletTask" . [(null)]
2017-01-17 17:44:45,553 [23] BntWeb.Task.BackgroundService - (null) - 后台任务执行完成 "BntWeb.Core.SystemSettings.Services.ClearLogsTask" . [(null)]
2017-01-17 17:44:45,581 [15] BntWeb.Task.BackgroundService - (null) - 后台任务执行完成 "BntWeb.OrderProcess.Services.OrderProcessTask" . [(null)]
2017-01-17 17:45:45,513 [33] BntWeb.Task.BackgroundService - (null) - 开始执行后台任务 "BntWeb.Wallet.Services.WalletTask" . [(null)]
2017-01-17 17:45:45,515 [34] BntWeb.Task.BackgroundService - (null) - 开始执行后台任务 "BntWeb.OrderProcess.Services.OrderProcessTask" . [(null)]
2017-01-17 17:45:45,519 [22] BntWeb.Task.BackgroundService - (null) - 开始执行后台任务 "BntWeb.Core.SystemSettings.Services.ClearLogsTask" . [(null)]
2017-01-17 17:45:45,520 [23] BntWeb.Task.BackgroundService - (null) - 开始执行后台任务 "BntWeb.Core.SystemSettings.Services.ClearFilesTask" . [(null)]
2017-01-17 17:45:45,551 [22] BntWeb.Task.BackgroundService - (null) - 后台任务执行完成 "BntWeb.Core.SystemSettings.Services.ClearLogsTask" . [(null)]
2017-01-17 17:45:45,551 [33] BntWeb.Task.BackgroundService - (null) - 后台任务执行完成 "BntWeb.Wallet.Services.WalletTask" . [(null)]
2017-01-17 17:45:45,556 [23] BntWeb.Task.BackgroundService - (null) - 后台任务执行完成 "BntWeb.Core.SystemSettings.Services.ClearFilesTask" . [(null)]
2017-01-17 17:45:45,579 [34] BntWeb.Task.BackgroundService - (null) - 后台任务执行完成 "BntWeb.OrderProcess.Services.OrderProcessTask" . [(null)]
2017-01-17 17:46:45,525 [23] BntWeb.Task.BackgroundService - (null) - 开始执行后台任务 "BntWeb.Core.SystemSettings.Services.ClearFilesTask" . [(null)]
2017-01-17 17:46:45,525 [38] BntWeb.Task.BackgroundService - (null) - 开始执行后台任务 "BntWeb.Wallet.Services.WalletTask" . [(null)]
2017-01-17 17:46:45,529 [40] BntWeb.Task.BackgroundService - (null) - 开始执行后台任务 "BntWeb.OrderProcess.Services.OrderProcessTask" . [(null)]
2017-01-17 17:46:45,527 [41] BntWeb.Task.BackgroundService - (null) - 开始执行后台任务 "BntWeb.Core.SystemSettings.Services.ClearLogsTask" . [(null)]
2017-01-17 17:46:45,563 [23] BntWeb.Task.BackgroundService - (null) - 后台任务执行完成 "BntWeb.Core.SystemSettings.Services.ClearFilesTask" . [(null)]
2017-01-17 17:46:45,581 [38] BntWeb.Task.BackgroundService - (null) - 后台任务执行完成 "BntWeb.Wallet.Services.WalletTask" . [(null)]
2017-01-17 17:46:45,610 [41] BntWeb.Task.BackgroundService - (null) - 后台任务执行完成 "BntWeb.Core.SystemSettings.Services.ClearLogsTask" . [(null)]
2017-01-17 17:46:45,631 [40] BntWeb.Task.BackgroundService - (null) - 后台任务执行完成 "BntWeb.OrderProcess.Services.OrderProcessTask" . [(null)]
2017-01-17 17:47:45,537 [23] BntWeb.Task.BackgroundService - (null) - 开始执行后台任务 "BntWeb.Wallet.Services.WalletTask" . [(null)]
2017-01-17 17:47:45,537 [38] BntWeb.Task.BackgroundService - (null) - 开始执行后台任务 "BntWeb.Core.SystemSettings.Services.ClearLogsTask" . [(null)]
2017-01-17 17:47:45,537 [40] BntWeb.Task.BackgroundService - (null) - 开始执行后台任务 "BntWeb.Core.SystemSettings.Services.ClearFilesTask" . [(null)]
2017-01-17 17:47:45,538 [41] BntWeb.Task.BackgroundService - (null) - 开始执行后台任务 "BntWeb.OrderProcess.Services.OrderProcessTask" . [(null)]
2017-01-17 17:47:45,568 [23] BntWeb.Task.BackgroundService - (null) - 后台任务执行完成 "BntWeb.Wallet.Services.WalletTask" . [(null)]
2017-01-17 17:47:45,576 [38] BntWeb.Task.BackgroundService - (null) - 后台任务执行完成 "BntWeb.Core.SystemSettings.Services.ClearLogsTask" . [(null)]
2017-01-17 17:47:45,577 [40] BntWeb.Task.BackgroundService - (null) - 后台任务执行完成 "BntWeb.Core.SystemSettings.Services.ClearFilesTask" . [(null)]
2017-01-17 17:47:45,604 [41] BntWeb.Task.BackgroundService - (null) - 后台任务执行完成 "BntWeb.OrderProcess.Services.OrderProcessTask" . [(null)]
2017-01-17 17:48:45,553 [41] BntWeb.Task.BackgroundService - (null) - 开始执行后台任务 "BntWeb.Core.SystemSettings.Services.ClearFilesTask" . [(null)]
2017-01-17 17:48:45,554 [38] BntWeb.Task.BackgroundService - (null) - 开始执行后台任务 "BntWeb.OrderProcess.Services.OrderProcessTask" . [(null)]
2017-01-17 17:48:45,554 [32] BntWeb.Task.BackgroundService - (null) - 开始执行后台任务 "BntWeb.Core.SystemSettings.Services.ClearLogsTask" . [(null)]
2017-01-17 17:48:45,553 [45] BntWeb.Task.BackgroundService - (null) - 开始执行后台任务 "BntWeb.Wallet.Services.WalletTask" . [(null)]
2017-01-17 17:48:45,584 [41] BntWeb.Task.BackgroundService - (null) - 后台任务执行完成 "BntWeb.Core.SystemSettings.Services.ClearFilesTask" . [(null)]
2017-01-17 17:48:45,593 [32] BntWeb.Task.BackgroundService - (null) - 后台任务执行完成 "BntWeb.Core.SystemSettings.Services.ClearLogsTask" . [(null)]
2017-01-17 17:48:45,599 [45] BntWeb.Task.BackgroundService - (null) - 后台任务执行完成 "BntWeb.Wallet.Services.WalletTask" . [(null)]
2017-01-17 17:48:45,617 [38] BntWeb.Task.BackgroundService - (null) - 后台任务执行完成 "BntWeb.OrderProcess.Services.OrderProcessTask" . [(null)]
2017-01-17 17:49:45,565 [41] BntWeb.Task.BackgroundService - (null) - 开始执行后台任务 "BntWeb.Core.SystemSettings.Services.ClearFilesTask" . [(null)]
2017-01-17 17:49:45,566 [38] BntWeb.Task.BackgroundService - (null) - 开始执行后台任务 "BntWeb.OrderProcess.Services.OrderProcessTask" . [(null)]
2017-01-17 17:49:45,566 [23] BntWeb.Task.BackgroundService - (null) - 开始执行后台任务 "BntWeb.Core.SystemSettings.Services.ClearLogsTask" . [(null)]
2017-01-17 17:49:45,565 [32] BntWeb.Task.BackgroundService - (null) - 开始执行后台任务 "BntWeb.Wallet.Services.WalletTask" . [(null)]
2017-01-17 17:49:45,594 [41] BntWeb.Task.BackgroundService - (null) - 后台任务执行完成 "BntWeb.Core.SystemSettings.Services.ClearFilesTask" . [(null)]
2017-01-17 17:49:45,597 [32] BntWeb.Task.BackgroundService - (null) - 后台任务执行完成 "BntWeb.Wallet.Services.WalletTask" . [(null)]
2017-01-17 17:49:45,598 [23] BntWeb.Task.BackgroundService - (null) - 后台任务执行完成 "BntWeb.Core.SystemSettings.Services.ClearLogsTask" . [(null)]
2017-01-17 17:49:45,622 [38] BntWeb.Task.BackgroundService - (null) - 后台任务执行完成 "BntWeb.OrderProcess.Services.OrderProcessTask" . [(null)]
2017-01-17 17:50:45,579 [47] BntWeb.Task.BackgroundService - (null) - 开始执行后台任务 "BntWeb.Core.SystemSettings.Services.ClearFilesTask" . [(null)]
2017-01-17 17:50:45,581 [38] BntWeb.Task.BackgroundService - (null) - 开始执行后台任务 "BntWeb.OrderProcess.Services.OrderProcessTask" . [(null)]
2017-01-17 17:50:45,581 [46] BntWeb.Task.BackgroundService - (null) - 开始执行后台任务 "BntWeb.Core.SystemSettings.Services.ClearLogsTask" . [(null)]
2017-01-17 17:50:45,580 [32] BntWeb.Task.BackgroundService - (null) - 开始执行后台任务 "BntWeb.Wallet.Services.WalletTask" . [(null)]
2017-01-17 17:50:45,611 [47] BntWeb.Task.BackgroundService - (null) - 后台任务执行完成 "BntWeb.Core.SystemSettings.Services.ClearFilesTask" . [(null)]
2017-01-17 17:50:45,616 [46] BntWeb.Task.BackgroundService - (null) - 后台任务执行完成 "BntWeb.Core.SystemSettings.Services.ClearLogsTask" . [(null)]
2017-01-17 17:50:45,618 [32] BntWeb.Task.BackgroundService - (null) - 后台任务执行完成 "BntWeb.Wallet.Services.WalletTask" . [(null)]
2017-01-17 17:50:45,639 [38] BntWeb.Task.BackgroundService - (null) - 后台任务执行完成 "BntWeb.OrderProcess.Services.OrderProcessTask" . [(null)]
2017-01-17 17:51:45,596 [37] BntWeb.Task.BackgroundService - (null) - 开始执行后台任务 "BntWeb.Wallet.Services.WalletTask" . [(null)]
2017-01-17 17:51:45,598 [47] BntWeb.Task.BackgroundService - (null) - 开始执行后台任务 "BntWeb.Core.SystemSettings.Services.ClearFilesTask" . [(null)]
2017-01-17 17:51:45,617 [32] BntWeb.Task.BackgroundService - (null) - 开始执行后台任务 "BntWeb.Core.SystemSettings.Services.ClearLogsTask" . [(null)]
2017-01-17 17:51:45,617 [46] BntWeb.Task.BackgroundService - (null) - 开始执行后台任务 "BntWeb.OrderProcess.Services.OrderProcessTask" . [(null)]
2017-01-17 17:51:45,647 [37] BntWeb.Task.BackgroundService - (null) - 后台任务执行完成 "BntWeb.Wallet.Services.WalletTask" . [(null)]
2017-01-17 17:51:45,658 [32] BntWeb.Task.BackgroundService - (null) - 后台任务执行完成 "BntWeb.Core.SystemSettings.Services.ClearLogsTask" . [(null)]
2017-01-17 17:51:45,658 [47] BntWeb.Task.BackgroundService - (null) - 后台任务执行完成 "BntWeb.Core.SystemSettings.Services.ClearFilesTask" . [(null)]
2017-01-17 17:51:45,692 [46] BntWeb.Task.BackgroundService - (null) - 后台任务执行完成 "BntWeb.OrderProcess.Services.OrderProcessTask" . [(null)]
